[    0.000000] Linux version 4.15.0-88-generic (buildd@lgw01-amd64-036) (gcc version 7.4.0 (Ubuntu 7.4.0-1ubuntu1~18.04.1)) #88-Ubuntu SMP Tue Feb 11 20:11:34 UTC 2020 (Ubuntu 4.15.0-88.88-generic 4.15.18)
[    0.000000] Command line: BOOT_IMAGE=/boot/vmlinuz-4.15.0-88-generic root=LABEL=cloudimg-rootfs ro console=tty1 console=ttyS0
[    0.000000] KERNEL supported cpus:
[    0.000000]   Intel GenuineIntel
[    0.000000]   AMD AuthenticAMD
[    0.000000]   Centaur CentaurHauls
[    0.000000] x86/fpu: Supporting XSAVE feature 0x001: 'x87 floating point registers'
[    0.000000] x86/fpu: Supporting XSAVE feature 0x002: 'SSE registers'
[    0.000000] x86/fpu: Supporting XSAVE feature 0x004: 'AVX registers'
[    0.000000] x86/fpu: xstate_offset[2]:  576, xstate_sizes[2]:  256
[    0.000000] x86/fpu: Enabled xstate features 0x7, context size is 832 bytes, using 'standard' format.
[    0.000000] e820: BIOS-provided physical RAM map:
[    0.000000] BIOS-e820: [mem 0x0000000000000000-0x000000000009fbff] usable
[    0.000000] BIOS-e820: [mem 0x000000000009fc00-0x000000000009ffff] reserved
[    0.000000] BIOS-e820: [mem 0x00000000000f0000-0x00000000000fffff] reserved
[    0.000000] BIOS-e820: [mem 0x0000000000100000-0x000000003ffeffff] usable
[    0.000000] BIOS-e820: [mem 0x000000003fff0000-0x000000003fffffff] ACPI data
[    0.000000] BIOS-e820: [mem 0x00000000fec00000-0x00000000fec00fff] reserved
[    0.000000] BIOS-e820: [mem 0x00000000fee00000-0x00000000fee00fff] reserved
[    0.000000] BIOS-e820: [mem 0x00000000fffc0000-0x00000000ffffffff] reserved
[    0.000000] NX (Execute Disable) protection: active
[    0.000000] SMBIOS 2.5 present.
[    0.000000] DMI: innotek GmbH VirtualBox/VirtualBox, BIOS VirtualBox 12/01/2006
[    0.000000] Hypervisor detected: KVM
[    0.000000] e820: last_pfn = 0x3fff0 max_arch_pfn = 0x400000000
[    0.000000] MTRR: Disabled
[    0.000000] x86/PAT: MTRRs disabled, skipping PAT initialization too.
[    0.000000] CPU MTRRs all blank - virtualized system.
[    0.000000] x86/PAT: Configuration [0-7]: WB  WT  UC- UC  WB  WT  UC- UC  
[    0.000000] found SMP MP-table at [mem 0x0009fff0-0x0009ffff]
[    0.000000] Scanning 1 areas for low memory corruption
[    0.000000] RAMDISK: [mem 0x35a6f000-0x36d2efff]
[    0.000000] ACPI: Early table checksum verification disabled
[    0.000000] ACPI: RSDP 0x00000000000E0000 000024 (v02 VBOX  )
[    0.000000] ACPI: XSDT 0x000000003FFF0030 00003C (v01 VBOX   VBOXXSDT 00000001 ASL  00000061)
[    0.000000] ACPI: FACP 0x000000003FFF00F0 0000F4 (v04 VBOX   VBOXFACP 00000001 ASL  00000061)
[    0.000000] ACPI: DSDT 0x000000003FFF0470 002325 (v02 VBOX   VBOXBIOS 00000002 INTL 20180105)
[    0.000000] ACPI: FACS 0x000000003FFF0200 000040
[    0.000000] ACPI: FACS 0x000000003FFF0200 000040
[    0.000000] ACPI: APIC 0x000000003FFF0240 00005C (v02 VBOX   VBOXAPIC 00000001 ASL  00000061)
[    0.000000] ACPI: SSDT 0x000000003FFF02A0 0001CC (v01 VBOX   VBOXCPUT 00000002 INTL 20180105)
[    0.000000] No NUMA configuration found
[    0.000000] Faking a node at [mem 0x0000000000000000-0x000000003ffeffff]
[    0.000000] NODE_DATA(0) allocated [mem 0x3ffc5000-0x3ffeffff]
[    0.000000] kvm-clock: cpu 0, msr 0:3ff44001, primary cpu clock
[    0.000000] kvm-clock: Using msrs 4b564d01 and 4b564d00
[    0.000000] kvm-clock: using sched offset of 3551045788 cycles
[    0.000000] clocksource: kvm-clock: mask: 0xffffffffffffffff max_cycles: 0x1cd42e4dffb, max_idle_ns: 881590591483 ns
[    0.000000] Zone ranges:
[    0.000000]   DMA      [mem 0x0000000000001000-0x0000000000ffffff]
[    0.000000]   DMA32    [mem 0x0000000001000000-0x000000003ffeffff]
[    0.000000]   Normal   empty
[    0.000000]   Device   empty
[    0.000000] Movable zone start for each node
[    0.000000] Early memory node ranges
[    0.000000]   node   0: [mem 0x0000000000001000-0x000000000009efff]
[    0.000000]   node   0: [mem 0x0000000000100000-0x000000003ffeffff]
[    0.000000] Reserved but unavailable: 98 pages
[    0.000000] Initmem setup node 0 [mem 0x0000000000001000-0x000000003ffeffff]
[    0.000000] ACPI: PM-Timer IO Port: 0x4008
[    0.000000] IOAPIC[0]: apic_id 2, version 32, address 0xfec00000, GSI 0-23
[    0.000000] ACPI: INT_SRC_OVR (bus 0 bus_irq 0 global_irq 2 dfl dfl)
[    0.000000] ACPI: INT_SRC_OVR (bus 0 bus_irq 9 global_irq 9 low level)
[    0.000000] Using ACPI (MADT) for SMP configuration information
[    0.000000] smpboot: Allowing 2 CPUs, 0 hotplug CPUs
[    0.000000] PM: Registered nosave memory: [mem 0x00000000-0x00000fff]
[    0.000000] PM: Registered nosave memory: [mem 0x0009f000-0x0009ffff]
[    0.000000] PM: Registered nosave memory: [mem 0x000a0000-0x000effff]
[    0.000000] PM: Registered nosave memory: [mem 0x000f0000-0x000fffff]
[    0.000000] e820: [mem 0x40000000-0xfebfffff] available for PCI devices
[    0.000000] Booting paravirtualized kernel on KVM
[    0.000000] clocksource: refined-jiffies: mask: 0xffffffff max_cycles: 0xffffffff, max_idle_ns: 7645519600211568 ns
[    0.000000] random: get_random_bytes called from start_kernel+0x99/0x4fd with crng_init=0
[    0.000000] setup_percpu: NR_CPUS:8192 nr_cpumask_bits:2 nr_cpu_ids:2 nr_node_ids:1
[    0.000000] percpu: Embedded 45 pages/cpu s147456 r8192 d28672 u1048576
[    0.000000] PV qspinlock hash table entries: 256 (order: 0, 4096 bytes)
[    0.000000] Built 1 zonelists, mobility grouping on.  Total pages: 257913
[    0.000000] Policy zone: DMA32
[    0.000000] Kernel command line: BOOT_IMAGE=/boot/vmlinuz-4.15.0-88-generic root=LABEL=cloudimg-rootfs ro console=tty1 console=ttyS0
[    0.000000] Memory: 983072K/1048120K available (12300K kernel code, 2481K rwdata, 4264K rodata, 2428K init, 2712K bss, 65048K reserved, 0K cma-reserved)
[    0.000000] SLUB: HWalign=64, Order=0-3, MinObjects=0, CPUs=2, Nodes=1
[    0.000000] Kernel/User page tables isolation: enabled
[    0.000000] ftrace: allocating 39344 entries in 154 pages
[    0.004000] Hierarchical RCU implementation.
[    0.004000] 	RCU restricting CPUs from NR_CPUS=8192 to nr_cpu_ids=2.
[    0.004000] 	Tasks RCU enabled.
[    0.004000] RCU: Adjusting geometry for rcu_fanout_leaf=16, nr_cpu_ids=2
[    0.004000] NR_IRQS: 524544, nr_irqs: 440, preallocated irqs: 16
[    0.004000] Console: colour VGA+ 80x25
[    0.004000] console [tty1] enabled
[    0.004000] console [ttyS0] enabled
[    0.004000] ACPI: Core revision 20170831
[    0.004000] ACPI: 2 ACPI AML tables successfully acquired and loaded
[    0.004000] APIC: Switch to symmetric I/O mode setup
[    0.004000] x2apic enabled
[    0.004000] Switched APIC routing to physical x2apic.
[    0.004000] ..TIMER: vector=0x30 apic1=0 pin1=2 apic2=-1 pin2=-1
[    0.004005] tsc: Detected 2593.978 MHz processor
[    0.005382] Calibrating delay loop (skipped) preset value.. 5187.95 BogoMIPS (lpj=10375912)
[    0.005560] pid_max: default: 32768 minimum: 301
[    0.008039] Security Framework initialized
[    0.008842] Yama: becoming mindful.
[    0.009549] AppArmor: AppArmor initialized
[    0.010962] Dentry cache hash table entries: 131072 (order: 8, 1048576 bytes)
[    0.012073] Inode-cache hash table entries: 65536 (order: 7, 524288 bytes)
[    0.013342] Mount-cache hash table entries: 2048 (order: 2, 16384 bytes)
[    0.014566] Mountpoint-cache hash table entries: 2048 (order: 2, 16384 bytes)
[    0.016266] Last level iTLB entries: 4KB 1024, 2MB 1024, 4MB 1024
[    0.017402] Last level dTLB entries: 4KB 1024, 2MB 1024, 4MB 1024, 1GB 4
[    0.018622] Spectre V1 : Mitigation: usercopy/swapgs barriers and __user pointer sanitization
[    0.020003] Spectre V2 : Mitigation: Full generic retpoline
[    0.021115] Spectre V2 : Spectre v2 / SpectreRSB mitigation: Filling RSB on context switch
[    0.022642] Speculative Store Bypass: Vulnerable
[    0.024056] MDS: Mitigation: Clear CPU buffers
[    0.025110] Freeing SMP alternatives memory: 36K
[    0.136920] smpboot: CPU0: Intel(R) Core(TM) i7-4510U CPU @ 2.00GHz (family: 0x6, model: 0x45, stepping: 0x1)
[    0.138908] Performance Events: unsupported p6 CPU model 69 no PMU driver, software events only.
[    0.140000] Hierarchical SRCU implementation.
[    0.140624] NMI watchdog: Perf event create on CPU 0 failed with -2
[    0.141806] NMI watchdog: Perf NMI watchdog permanently disabled
[    0.142964] smp: Bringing up secondary CPUs ...
[    0.144144] x86: Booting SMP configuration:
[    0.145376] .... node  #0, CPUs:      #1
[    0.004000] kvm-clock: cpu 1, msr 0:3ff44041, secondary cpu clock
[    0.156035] smp: Brought up 1 node, 2 CPUs
[    0.156939] smpboot: Max logical packages: 1
[    0.157752] smpboot: Total of 2 processors activated (10375.91 BogoMIPS)
[    0.160072] devtmpfs: initialized
[    0.160736] x86/mm: Memory block size: 128MB
[    0.161713] evm: security.selinux
[    0.162379] evm: security.SMACK64
[    0.163043] evm: security.SMACK64EXEC
[    0.163753] evm: security.SMACK64TRANSMUTE
[    0.164006] evm: security.SMACK64MMAP
[    0.164735] evm: security.apparmor
[    0.165396] evm: security.ima
[    0.165986] evm: security.capability
[    0.166723] clocksource: jiffies: mask: 0xffffffff max_cycles: 0xffffffff, max_idle_ns: 7645041785100000 ns
[    0.168011] futex hash table entries: 512 (order: 3, 32768 bytes)
[    0.169630] pinctrl core: initialized pinctrl subsystem
[    0.172154] RTC time: 19:05:09, date: 02/21/20
[    0.173235] NET: Registered protocol family 16
[    0.174167] audit: initializing netlink subsys (disabled)
[    0.175208] audit: type=2000 audit(1582311915.034:1): state=initialized audit_enabled=0 res=1
[    0.176018] cpuidle: using governor ladder
[    0.176831] cpuidle: using governor menu
[    0.177622] ACPI: bus type PCI registered
[    0.178395] acpiphp: ACPI Hot Plug PCI Controller Driver version: 0.5
[    0.180121] PCI: Using configuration type 1 for base access
[    0.181177] HugeTLB registered 2.00 MiB page size, pre-allocated 0 pages
[    0.184099] ACPI: Added _OSI(Module Device)
[    0.184902] ACPI: Added _OSI(Processor Device)
[    0.185749] ACPI: Added _OSI(3.0 _SCP Extensions)
[    0.186655] ACPI: Added _OSI(Processor Aggregator Device)
[    0.188007] ACPI: Added _OSI(Linux-Dell-Video)
[    0.188849] ACPI: Added _OSI(Linux-Lenovo-NV-HDMI-Audio)
[    0.189847] ACPI: Added _OSI(Linux-HPI-Hybrid-Graphics)
[    0.192282] ACPI: Executed 1 blocks of module-level executable AML code
[    0.197225] ACPI: Interpreter enabled
[    0.197966] ACPI: (supports S0 S5)
[    0.198642] ACPI: Using IOAPIC for interrupt routing
[    0.199814] PCI: Using host bridge windows from ACPI; if necessary, use "pci=nocrs" and report a bug
[    0.200163] ACPI: Enabled 2 GPEs in block 00 to 07
[    0.208728] ACPI: PCI Root Bridge [PCI0] (domain 0000 [bus 00-ff])
[    0.209931] acpi PNP0A03:00: _OSC: OS supports [ASPM ClockPM Segments MSI]
[    0.211664] acpi PNP0A03:00: _OSC: not requesting OS control; OS requires [ExtendedConfig ASPM ClockPM MSI]
[    0.212016] acpi PNP0A03:00: fail to add MMCONFIG information, can't access extended PCI configuration space under this bridge.
[    0.216040] PCI host bridge to bus 0000:00
[    0.216828] pci_bus 0000:00: root bus resource [io  0x0000-0x0cf7 window]
[    0.218081] pci_bus 0000:00: root bus resource [io  0x0d00-0xffff window]
[    0.219313] pci_bus 0000:00: root bus resource [mem 0x000a0000-0x000bffff window]
[    0.220003] pci_bus 0000:00: root bus resource [mem 0x40000000-0xfdffffff window]
[    0.221364] pci_bus 0000:00: root bus resource [bus 00-ff]
[    0.224748] pci 0000:00:01.1: legacy IDE quirk: reg 0x10: [io  0x01f0-0x01f7]
[    0.225816] pci 0000:00:01.1: legacy IDE quirk: reg 0x14: [io  0x03f6]
[    0.226781] pci 0000:00:01.1: legacy IDE quirk: reg 0x18: [io  0x0170-0x0177]
[    0.227810] pci 0000:00:01.1: legacy IDE quirk: reg 0x1c: [io  0x0376]
[    0.245895] pci 0000:00:07.0: quirk: [io  0x4000-0x403f] claimed by PIIX4 ACPI
[    0.247522] pci 0000:00:07.0: quirk: [io  0x4100-0x410f] claimed by PIIX4 SMB
[    0.262628] ACPI: PCI Interrupt Link [LNKA] (IRQs 5 9 10 *11)
[    0.264321] ACPI: PCI Interrupt Link [LNKB] (IRQs 5 9 *10 11)
[    0.265560] ACPI: PCI Interrupt Link [LNKC] (IRQs 5 *9 10 11)
[    0.266726] ACPI: PCI Interrupt Link [LNKD] (IRQs 5 9 10 *11)
[    0.268419] SCSI subsystem initialized
[    0.269243] pci 0000:00:02.0: vgaarb: setting as boot VGA device
[    0.269243] pci 0000:00:02.0: vgaarb: VGA device added: decodes=io+mem,owns=io+mem,locks=none
[    0.272007] pci 0000:00:02.0: vgaarb: bridge control possible
[    0.273091] vgaarb: loaded
[    0.273684] ACPI: bus type USB registered
[    0.274490] usbcore: registered new interface driver usbfs
[    0.276013] usbcore: registered new interface driver hub
[    0.277038] usbcore: registered new device driver usb
[    0.278455] EDAC MC: Ver: 3.0.0
[    0.280237] PCI: Using ACPI for IRQ routing
[    0.281169] NetLabel: Initializing
[    0.281841] NetLabel:  domain hash size = 128
[    0.282684] NetLabel:  protocols = UNLABELED CIPSOv4 CALIPSO
[    0.284031] NetLabel:  unlabeled traffic allowed by default
[    0.285020] clocksource: Switched to clocksource kvm-clock
[    0.296775] VFS: Disk quotas dquot_6.6.0
[    0.297568] VFS: Dquot-cache hash table entries: 512 (order 0, 4096 bytes)
[    0.298732] AppArmor: AppArmor Filesystem Enabled
[    0.299608] pnp: PnP ACPI init
[    0.301100] pnp: PnP ACPI: found 3 devices
[    0.312071] clocksource: acpi_pm: mask: 0xffffff max_cycles: 0xffffff, max_idle_ns: 2085701024 ns
[    0.313798] NET: Registered protocol family 2
[    0.314831] TCP established hash table entries: 8192 (order: 4, 65536 bytes)
[    0.316473] TCP bind hash table entries: 8192 (order: 5, 131072 bytes)
[    0.318113] TCP: Hash tables configured (established 8192 bind 8192)
[    0.319823] UDP hash table entries: 512 (order: 2, 16384 bytes)
[    0.320951] UDP-Lite hash table entries: 512 (order: 2, 16384 bytes)
[    0.322182] NET: Registered protocol family 1
[    0.323020] pci 0000:00:00.0: Limiting direct PCI/PCI transfers
[    0.324140] pci 0000:00:01.0: Activating ISA DMA hang workarounds
[    0.325293] pci 0000:00:02.0: Video device with shadowed ROM at [mem 0x000c0000-0x000dffff]
[    0.327029] Unpacking initramfs...
[    0.582019] Freeing initrd memory: 19200K
[    0.582964] clocksource: tsc: mask: 0xffffffffffffffff max_cycles: 0x25640325080, max_idle_ns: 440795224202 ns
[    0.584965] platform rtc_cmos: registered platform RTC device (no PNP device found)
[    0.587437] Scanning for low memory corruption every 60 seconds
[    0.590173] Initialise system trusted keyrings
[    0.591049] Key type blacklist registered
[    0.591901] workingset: timestamp_bits=36 max_order=18 bucket_order=0
[    0.594275] zbud: loaded
[    0.595862] squashfs: version 4.0 (2009/01/31) Phillip Lougher
[    0.597206] fuse init (API version 7.26)
[    0.600281] Key type asymmetric registered
[    0.601115] Asymmetric key parser 'x509' registered
[    0.602705] Block layer SCSI generic (bsg) driver version 0.4 loaded (major 246)
[    0.604247] io scheduler noop registered
[    0.605012] io scheduler deadline registered
[    0.605886] io scheduler cfq registered (default)
[    0.607088] ACPI: AC Adapter [AC] (on-line)
[    0.608034] input: Power Button as /devices/LNXSYSTM:00/LNXPWRBN:00/input/input0
[    0.609508] ACPI: Power Button [PWRF]
[    0.610321] input: Sleep Button as /devices/LNXSYSTM:00/LNXSLPBN:00/input/input1
[    0.611731] ACPI: Sleep Button [SLPF]
[    0.613423] ACPI: Battery Slot [BAT0] (battery present)
[    0.614600] Serial: 8250/16550 driver, 32 ports, IRQ sharing enabled
[    0.636512] 00:02: ttyS0 at I/O 0x3f8 (irq = 4, base_baud = 115200) is a 16550A
[    0.642101] Linux agpgart interface v0.103
[    0.644628] loop: module loaded
[    0.645886] scsi host0: ata_piix
[    0.646865] scsi host1: ata_piix
[    0.647949] ata1: PATA max UDMA/33 cmd 0x1f0 ctl 0x3f6 bmdma 0xd000 irq 14
[    0.649431] ata2: PATA max UDMA/33 cmd 0x170 ctl 0x376 bmdma 0xd008 irq 15
[    0.651029] libphy: Fixed MDIO Bus: probed
[    0.652066] tun: Universal TUN/TAP device driver, 1.6
[    0.653611] PPP generic driver version 2.4.2
[    0.654776] ehci_hcd: USB 2.0 'Enhanced' Host Controller (EHCI) Driver
[    0.656094] ehci-pci: EHCI PCI platform driver
[    0.657690] ehci-platform: EHCI generic platform driver
[    0.661666] ohci_hcd: USB 1.1 'Open' Host Controller (OHCI) Driver
[    0.662962] ohci-pci: OHCI PCI platform driver
[    0.668964] ohci-platform: OHCI generic platform driver
[    0.670119] uhci_hcd: USB Universal Host Controller Interface driver
[    0.671560] i8042: PNP: PS/2 Controller [PNP0303:PS2K,PNP0f03:PS2M] at 0x60,0x64 irq 1,12
[    0.674029] serio: i8042 KBD port at 0x60,0x64 irq 1
[    0.675152] serio: i8042 AUX port at 0x60,0x64 irq 12
[    0.676500] mousedev: PS/2 mouse device common for all mice
[    0.678386] input: AT Translated Set 2 keyboard as /devices/platform/i8042/serio0/input/input2
[    0.680151] rtc_cmos rtc_cmos: rtc core: registered rtc_cmos as rtc0
[    0.681762] rtc_cmos rtc_cmos: alarms up to one day, 114 bytes nvram
[    0.683229] i2c /dev entries driver
[    0.684049] device-mapper: uevent: version 1.0.3
[    0.686202] device-mapper: ioctl: 4.37.0-ioctl (2017-09-20) initialised: dm-devel@redhat.com
[    0.688101] ledtrig-cpu: registered to indicate activity on CPUs
[    0.690003] NET: Registered protocol family 10
[    0.694603] Segment Routing with IPv6
[    0.695605] NET: Registered protocol family 17
[    0.696792] Key type dns_resolver registered
[    0.698026] mce: Using 0 MCE banks
[    0.698826] RAS: Correctable Errors collector initialized.
[    0.700006] sched_clock: Marking stable (697914689, 0)->(883132833, -185218144)
[    0.702210] registered taskstats version 1
[    0.703126] Loading compiled-in X.509 certificates
[    0.707050] Loaded X.509 cert 'Build time autogenerated kernel key: f0020782f0d3a548186fb3f47aed88387a71e859'
[    0.709199] zswap: loaded using pool lzo/zbud
[    0.713574] Key type big_key registered
[    0.714470] Key type trusted registered
[    0.716915] Key type encrypted registered
[    0.717864] AppArmor: AppArmor sha1 policy hashing enabled
[    0.719355] ima: No TPM chip found, activating TPM-bypass! (rc=-19)
[    0.720727] ima: Allocated hash algorithm: sha1
[    0.721746] evm: HMAC attrs: 0x1
[    0.722800]   Magic number: 8:83:92
[    0.723640]  container: hash matches
[    0.724554] rtc_cmos rtc_cmos: setting system clock to 2020-02-21 19:05:10 UTC (1582311910)
[    0.726493] BIOS EDD facility v0.16 2004-Jun-25, 0 devices found
[    0.727860] EDD information not available.
[    0.832919] Freeing unused kernel image memory: 2428K
[    0.844070] Write protecting the kernel read-only data: 20480k
[    0.845907] Freeing unused kernel image memory: 2008K
[    0.847227] Freeing unused kernel image memory: 1880K
[    0.855291] x86/mm: Checked W+X mappings: passed, no W+X pages found.
[    0.858675] x86/mm: Checking user space page tables
[    0.867078] x86/mm: Checked W+X mappings: passed, no W+X pages found.
Loading, please wait...
starting version 237
[    0.984880] Fusion MPT base driver 3.04.20
[    0.985980] Copyright (c) 1999-2008 LSI Corporation
[    0.987209] e1000: Intel(R) PRO/1000 Network Driver - version 7.3.21-k8-NAPI
[    0.988571] e1000: Copyright (c) 1999-2006 Intel Corporation.
[    1.004472] AVX2 version of gcm_enc/dec engaged.
[    1.005719] AES CTR mode by8 optimization enabled
[    1.015617] Fusion MPT SPI Host driver 3.04.20
[    1.194920] input: ImExPS/2 Generic Explorer Mouse as /devices/platform/i8042/serio1/input/input4
[    1.360230] e1000 0000:00:03.0 eth0: (PCI:33MHz:32-bit) 02:12:4b:e9:82:8c
[    1.361422] e1000 0000:00:03.0 eth0: Intel(R) PRO/1000 Network Connection
[    2.188023] e1000 0000:00:08.0 eth1: (PCI:33MHz:32-bit) 08:00:27:0a:3e:0a
[    2.189215] e1000 0000:00:08.0 eth1: Intel(R) PRO/1000 Network Connection
[    2.191122] mptbase: ioc0: Initiating bringup
[    2.193490] e1000 0000:00:08.0 enp0s8: renamed from eth1
[    2.212382] e1000 0000:00:03.0 enp0s3: renamed from eth0
[    2.292318] ioc0: LSI53C1030 A0: Capabilities={Initiator}
[    2.534530] scsi host2: ioc0: LSI53C1030 A0, FwRev=00000000h, Ports=1, MaxQ=256, IRQ=20
[    2.705319] scsi 2:0:0:0: Direct-Access     VBOX     HARDDISK         1.0  PQ: 0 ANSI: 5
[    2.740183] scsi target2:0:0: Beginning Domain Validation
[    2.743074] scsi target2:0:0: Domain Validation skipping write tests
[    2.744285] scsi target2:0:0: Ending Domain Validation
[    2.745367] scsi target2:0:0: asynchronous
[    2.750229] scsi 2:0:1:0: Direct-Access     VBOX     HARDDISK         1.0  PQ: 0 ANSI: 5
[    2.780168] scsi target2:0:1: Beginning Domain Validation
[    2.783561] random: fast init done
[    2.784591] scsi target2:0:1: Domain Validation skipping write tests
[    2.785798] scsi target2:0:1: Ending Domain Validation
[    2.786928] scsi target2:0:1: asynchronous
[    2.791848] random: systemd-udevd: uninitialized urandom read (16 bytes read)
[    2.793448] random: systemd-udevd: uninitialized urandom read (16 bytes read)
[    2.794945] random: systemd-udevd: uninitialized urandom read (16 bytes read)
[    2.796908] sd 2:0:0:0: [sda] 20971520 512-byte logical blocks: (10.7 GB/10.0 GiB)
[    2.798680] sd 2:0:0:0: [sda] Write Protect is off
[    2.800323] sd 2:0:0:0: [sda] Incomplete mode parameter data
[    2.801510] sd 2:0:0:0: [sda] Assuming drive cache: write through
[    2.803047] sd 2:0:0:0: Attached scsi generic sg0 type 0
[    2.805384] sd 2:0:1:0: [sdb] 20480 512-byte logical blocks: (10.5 MB/10.0 MiB)
[    2.807053] sd 2:0:1:0: [sdb] Write Protect is off
[    2.808299] sd 2:0:1:0: [sdb] Incomplete mode parameter data
[    2.809536] sd 2:0:1:0: [sdb] Assuming drive cache: write through
[    2.811037] sd 2:0:1:0: Attached scsi generic sg1 type 0
[    2.813274]  sda: sda1
[    2.815590] sd 2:0:0:0: [sda] Attached SCSI disk
[    2.818041] sd 2:0:1:0: [sdb] Attached SCSI disk
Begin: Loading essential drivers ... [    4.344055] raid6: sse2x1   gen()  9313 MB/s
[    4.392041] raid6: sse2x1   xor()  7029 MB/s
[    4.440055] raid6: sse2x2   gen() 11231 MB/s
[    4.488052] raid6: sse2x2   xor()  7768 MB/s
[    4.536056] raid6: sse2x4   gen() 13494 MB/s
[    4.584029] raid6: sse2x4   xor()  8871 MB/s
[    4.632052] raid6: avx2x1   gen() 18825 MB/s
[    4.680029] raid6: avx2x1   xor() 13221 MB/s
[    4.728071] raid6: avx2x2   gen() 22203 MB/s
[    4.778448] raid6: avx2x2   xor() 13761 MB/s
[    4.824053] raid6: avx2x4   gen() 24273 MB/s
[    4.872045] raid6: avx2x4   xor() 15800 MB/s
[    4.872806] raid6: using algorithm avx2x4 gen() 24273 MB/s
[    4.873626] raid6: .... xor() 15800 MB/s, rmw enabled
[    4.874408] raid6: using avx2x2 recovery algorithm
[    4.877175] xor: automatically using best checksumming function   avx       
[    4.880856] async_tx: api initialized (async)
done.
Begin: Running /scripts/init-premount ... done.
Begin: Mounting root file system ... Begin: Running /scripts/local-top ... done.
Begin: Running /scripts/local-premount ... [    4.947875] Btrfs loaded, crc32c=crc32c-intel
Scanning for Btrfs filesystems
done.
Warning: fsck not present, so skipping root file system
[    4.992490] EXT4-fs (sda1): mounted filesystem with ordered data mode. Opts: (null)
done.
Begin: Running /scripts/local-bottom ... done.
Begin: Running /scripts/init-bottom ... done.
[    5.692297] ip_tables: (C) 2000-2006 Netfilter Core Team
[    5.861882] systemd[1]: systemd 237 running in system mode. (+PAM +AUDIT +SELINUX +IMA +APPARMOR +SMACK +SYSVINIT +UTMP +LIBCRYPTSETUP +GCRYPT +GNUTLS +ACL +XZ +LZ4 +SECCOMP +BLKID +ELFUTILS +KMOD -IDN2 +IDN -PCRE2 default-hierarchy=hybrid)
[    5.866670] systemd[1]: Detected virtualization oracle.
[    5.867812] systemd[1]: Detected architecture x86-64.

Welcome to [1mUbuntu 18.04.4 LTS[0m!

[    5.886636] systemd[1]: Set hostname to <ubuntu>.
[    5.917954] systemd[1]: Initializing machine ID from random generator.
[    5.920442] systemd[1]: Installed transient /etc/machine-id file.
[    6.946654] systemd[1]: Reached target System Time Synchronized.
[[0;32m  OK  [0m] Reached target System Time Synchronized.
[    6.976262] systemd[1]: Created slice User and Session Slice.
[[0;32m  OK  [0m] Created slice User and Session Slice.
[    6.983469] systemd[1]: Created slice System Slice.
[[0;32m  OK  [0m] Created slice System Slice.
[    6.993783] systemd[1]: Listening on Journal Socket (/dev/log).
[[0;32m  OK  [0m] Listening on Journal Socket (/dev/log).
[[0;32m  OK  [0m] Listening on Device-mapper event daemon FIFOs.
[[0;32m  OK  [0m] Listening on LVM2 metadata daemon socket.
[[0;32m  OK  [0m] Listening on Journal Socket.
         Starting Set the console keyboard layout...
         Mounting Huge Pages File System...
         Mounting POSIX Message Queue File System...
[[0;32m  OK  [0m] Listening on Syslog Socket.
[[0;32m  OK  [0m] Listening on LVM2 poll daemon socket.
[[0;32m  OK  [0m] Listening on udev Control Socket.
         Starting Create list of required st…ce nodes for the current kernel...
         Starting Uncomplicated firewall...
[[0;32m  OK  [0m] Listening on /dev/initctl Compatibility Named Pipe.
[[0;32m  OK  [0m] Reached target User and Group Name Lookups.
[[0;32m  OK  [0m] Listening on udev Kernel Socket.
         Starting udev Coldplug all Devices...
         Starting Load Kernel Modules...
         Starting Monitoring of LVM2 mirrors…ng dmeventd or progress polling...
[[0;32m  OK  [0m] Listening on Journal Audit Socket.
[[0;32m  OK  [0m] Reached target Swap.
[[0;32m  OK  [0m] Listening on Network Service Netlink Socket.
[[0;32m  OK  [0m] Reached target Slices.
[[0;32m  OK  [0m] Set up automount Arbitrary Executab…rmats File System Automount Point.
[    7.096182] random: crng init done
[    7.096952] random: 7 urandom warning(s) missed due to ratelimiting
[    7.156526] Loading iSCSI transport class v2.0-870.
[[0;32m  OK  [0m] Created slice system-serial\x2dgetty.slice.
         Starting Remount Root and Kernel File Systems...
[[0;32m  OK  [0m] Started Forward Password Requests to Wall Directory Watch.
         Starting Journal Service...
         Mounting Kernel Debug File System...
[[0;32m  OK  [0m] Mounted Huge Pages File System.
[[0;32m  OK  [0m] Mounted POSIX Message Queue File System.
[[0;32m  OK  [0m] Started Create list of required sta…vice nodes for the current kernel.
[[0;32m  OK  [0m] Started Uncomplicated firewall.
[[0;32m  OK  [0m] Mounted Kernel Debug File System.
         Starting Create Static Device Nodes in /dev...
[    7.294894] iscsi: registered transport (tcp)
[[0;32m  OK  [0m] Started udev Coldplug all Devices.
[    7.495938] EXT4-fs (sda1): re-mounted. Opts: (null)
[[0;32m  OK  [0m] Started Journal Service.
[[0;32m  OK  [0m] Started Remount Root and Kernel File Systems.
[    7.549384] iscsi: registered transport (iser)
         Starting Load/Save Random Seed...
         Starting Flush Journal to Persistent Storage...
[[0;32m  OK  [0m] Started Load Kernel Modules.
[[0;32m  OK  [0m] Started LVM2 metadata daemon.
         Mounting FUSE Control File System...
         Mounting Kernel Configuration File System...
         Starting Apply Kernel Variables...
[[0;32m  OK  [0m] Mounted FUSE Control File System.
[[0;32m  OK  [0m] Mounted Kernel Configuration File System.
[[0;32m  OK  [0m] Started Load/Save Random Seed.
[    7.664092] systemd-journald[393]: Received request to flush runtime journal from PID 1
[[0;32m  OK  [0m] Started Create Static Device Nodes in /dev.
         Starting udev Kernel Device Manager...
[[0;32m  OK  [0m] Started Monitoring of LVM2 mirrors,…sing dmeventd or progress polling.
[[0;32m  OK  [0m] Started Apply Kernel Variables.
[[0;32m  OK  [0m] Started Flush Journal to Persistent Storage.
[[0;32m  OK  [0m] Started udev Kernel Device Manager.
[[0;32m  OK  [0m] Found device /dev/ttyS0.
[[0;32m  OK  [0m] Listening on Load/Save RF Kill Switch Status /dev/rfkill Watch.
[[0;32m  OK  [0m] Started Set the console keyboard layout.
[[0;32m  OK  [0m] Started Dispatch Password Requests to Console Directory Watch.
[[0;32m  OK  [0m] Reached target Local Encrypted Volumes.
[[0;32m  OK  [0m] Reached target Local File Systems (Pre).
[[0;32m  OK  [0m] Reached target Local File Systems.
         Starting Set console font and keymap...
         Starting Commit a transient machine-id on disk...
         Starting AppArmor initialization...
         Starting Create Volatile Files and Directories...
         Starting ebtables ruleset management...
         Starting Tell Plymouth To Write Out Runtime Data...
[[0;32m  OK  [0m] Started Set console font and keymap.
[[0;32m  OK  [0m] Started Tell Plymouth To Write Out Runtime Data.
[[0;32m  OK  [0m] Started Create Volatile Files and Directories.
         Starting Update UTMP about System Boot/Shutdown...
[[0;32m  OK  [0m] Started Update UTMP about System Boot/Shutdown.
[[0;32m  OK  [0m] Started Commit a transient machine-id on disk.
[[0;32m  OK  [0m] Started ebtables ruleset management.
[[0;32m  OK  [0m] Started AppArmor initialization.
         Starting Initial cloud-init job (pre-networking)...
[   13.256479] cloud-init[678]: Cloud-init v. 19.4-33-gbb4131a2-0ubuntu1~18.04.1 running 'init-local' at Fri, 21 Feb 2020 19:05:22 +0000. Up 12.70 seconds.
[[0;32m  OK  [0m] Started Initial cloud-init job (pre-networking).
[[0;32m  OK  [0m] Reached target Network (Pre).
         Starting Network Service...
[[0;32m  OK  [0m] Started Network Service.
         Starting Wait for Network to be Configured...
         Starting Network Name Resolution...
[[0;32m  OK  [0m] Started Network Name Resolution.
[[0;32m  OK  [0m] Reached target Network.
[[0;32m  OK  [0m] Reached target Host and Network Name Lookups.
[[0;32m  OK  [0m] Started Wait for Network to be Configured.
         Starting Initial cloud-init job (metadata service crawler)...
[   16.026013] cloud-init[798]: Cloud-init v. 19.4-33-gbb4131a2-0ubuntu1~18.04.1 running 'init' at Fri, 21 Feb 2020 19:05:25 +0000. Up 15.87 seconds.
[   16.027800] cloud-init[798]: ci-info: ++++++++++++++++++++++++++++++++++++++Net device info+++++++++++++++++++++++++++++++++++++++
[   16.029474] cloud-init[798]: ci-info: +--------+-------+----------------------------+---------------+--------+-------------------+
[   16.031299] cloud-init[798]: ci-info: | Device |   Up  |          Address           |      Mask     | Scope  |     Hw-Address    |
[   16.032909] cloud-init[798]: ci-info: +--------+-------+----------------------------+---------------+--------+-------------------+
[   16.034518] cloud-init[798]: ci-info: | enp0s3 |  True |         10.0.2.15          | 255.255.255.0 | global | 02:12:4b:e9:82:8c |
[   16.036186] cloud-init[798]: ci-info: | enp0s3 |  True | fe80::12:4bff:fee9:828c/64 |       .       |  link  | 02:12:4b:e9:82:8c |
[   16.038192] cloud-init[798]: ci-info: | enp0s8 | False |             .              |       .       |   .    | 08:00:27:0a:3e:0a |
[   16.039811] cloud-init[798]: ci-info: |   lo   |  True |         127.0.0.1          |   255.0.0.0   |  host  |         .         |
[   16.041459] cloud-init[798]: ci-info: |   lo   |  True |          ::1/128           |       .       |  host  |         .         |
[   16.043079] cloud-init[798]: ci-info: +--------+-------+----------------------------+---------------+--------+-------------------+
[   16.044819] cloud-init[798]: ci-info: ++++++++++++++++++++++++++++Route IPv4 info+++++++++++++++++++++++++++++
[   16.046223] cloud-init[798]: ci-info: +-------+-------------+----------+-----------------+-----------+-------+
[   16.047954] cloud-init[798]: ci-info: | Route | Destination | Gateway  |     Genmask     | Interface | Flags |
[   16.049218] cloud-init[798]: ci-info: +-------+-------------+----------+-----------------+-----------+-------+
[   16.050423] cloud-init[798]: ci-info: |   0   |   0.0.0.0   | 10.0.2.2 |     0.0.0.0     |   enp0s3  |   UG  |
[   16.052827] cloud-init[798]: ci-info: |   1   |   10.0.2.0  | 0.0.0.0  |  255.255.255.0  |   enp0s3  |   U   |
[   16.054862] cloud-init[798]: ci-info: |   2   |   10.0.2.2  | 0.0.0.0  | 255.255.255.255 |   enp0s3  |   UH  |
[   16.056193] cloud-init[798]: ci-info: +-------+-------------+----------+-----------------+-----------+-------+
[   16.057337] cloud-init[798]: ci-info: +++++++++++++++++++Route IPv6 info+++++++++++++++++++
[   16.058410] cloud-init[798]: ci-info: +-------+-------------+---------+-----------+-------+
[   16.059412] cloud-init[798]: ci-info: | Route | Destination | Gateway | Interface | Flags |
[   16.060432] cloud-init[798]: ci-info: +-------+-------------+---------+-----------+-------+
[   16.061420] cloud-init[798]: ci-info: |   1   |  fe80::/64  |    ::   |   enp0s3  |   U   |
[   16.062449] cloud-init[798]: ci-info: |   3   |    local    |    ::   |   enp0s3  |   U   |
[   16.073277] cloud-init[798]: ci-info: |   4   |   ff00::/8  |    ::   |   enp0s3  |   U   |
[   16.074829] cloud-init[798]: ci-info: +-------+-------------+---------+-----------+-------+
[   17.436074] cloud-init[798]: Generating public/private rsa key pair.
[   17.437097] cloud-init[798]: Your identification has been saved in /etc/ssh/ssh_host_rsa_key.
[   17.438266] cloud-init[798]: Your public key has been saved in /etc/ssh/ssh_host_rsa_key.pub.
[   17.439364] cloud-init[798]: The key fingerprint is:
[   17.440062] cloud-init[798]: SHA256:2ls/lSFEZknLyMAtWmTF0cGxyijHYH5ES2/0H8nRZW8 root@ubuntu-bionic
[   17.441232] cloud-init[798]: The key's randomart image is:
[   17.441958] cloud-init[798]: +---[RSA 2048]----+
[   17.442565] cloud-init[798]: |       o*++*B+..+|
[   17.443235] cloud-init[798]: |       ++*o*=+ +o|
[   17.443866] cloud-init[798]: |      ooo.=.= + E|
[   17.444496] cloud-init[798]: |     o.+ + ....o |
[   17.445136] cloud-init[798]: |      o S o  ..o |
[   17.446316] cloud-init[798]: |       *      o  |
[   17.446967] cloud-init[798]: |      . . .  .   |
[   17.447660] cloud-init[798]: |         o ..    |
[   17.448338] cloud-init[798]: |        .   ..   |
[   17.448969] cloud-init[798]: +----[SHA256]-----+
[   17.449597] cloud-init[798]: Generating public/private dsa key pair.
[   17.450464] cloud-init[798]: Your identification has been saved in /etc/ssh/ssh_host_dsa_key.
[   17.451546] cloud-init[798]: Your public key has been saved in /etc/ssh/ssh_host_dsa_key.pub.
[   17.452573] cloud-init[798]: The key fingerprint is:
[   17.453239] cloud-init[798]: SHA256:hvo5hTd3v0552PJNzuhNx+EjUNmtelhvdl+0ekGAmDU root@ubuntu-bionic
[   17.454339] cloud-init[798]: The key's randomart image is:
[   17.455055] cloud-init[798]: +---[DSA 1024]----+
[   17.472220] cloud-init[798]: |          +E.    |
[   17.492267] cloud-init[798]: |         o ...o .|
[   17.492974] cloud-init[798]: |             o...|
[   17.493674] cloud-init[798]: |       .    .  o |
[   17.494307] cloud-init[798]: |      ..S  .  +..|
[   17.494957] cloud-init[798]: |     ...+ . o+.Oo|
[   17.495895] cloud-init[798]: |    .  o o .oo*+#|
[   17.496677] cloud-init[798]: |     ...     o+#B|
[   17.497434] cloud-init[798]: |      o.     +*.B|
[   17.498175] cloud-init[798]: +----[SHA256]-----+
[   17.498826] cloud-init[798]: Generating public/private ecdsa key pair.
[   17.499694] cloud-init[798]: Your identification has been saved in /etc/ssh/ssh_host_ecdsa_key.
[   17.500788] cloud-init[798]: Your public key has been saved in /etc/ssh/ssh_host_ecdsa_key.pub.
[   17.501911] cloud-init[798]: The key fingerprint is:
[   17.502581] cloud-init[798]: SHA256:kiLGPU42hhx9lrFljMFBv2KOvCwkg/YqoYdJzT97C40 root@ubuntu-bionic
[   17.503744] cloud-init[798]: The key's randomart image is:
[   17.504487] cloud-init[798]: +---[ECDSA 256]---+
[   17.505124] cloud-init[798]: |     o==o        |
[   17.505758] cloud-init[798]: |   .  oB.        |
[   17.506391] cloud-init[798]: |  . . = .        |
[   17.506946] cloud-init[798]: | o + o . .       |
[   17.507578] cloud-init[798]: |. O O = S        |
[   17.508231] cloud-init[798]: |=+.X Boo         |
[   17.508897] cloud-init[798]: |+B. =E..         |
[   17.509451] cloud-init[798]: |= oo +..         |
[   17.510098] cloud-init[798]: |.o..o.+..        |
[   17.510725] cloud-init[798]: +----[SHA256]-----+
[   17.511337] cloud-init[798]: Generating public/private ed25519 key pair.
[   17.528249] cloud-init[798]: Your identification has been saved in /etc/ssh/ssh_host_ed25519_key.
[   17.529704] cloud-init[798]: Your public key has been saved in /etc/ssh/ssh_host_ed25519_key.pub.
[   17.530829] cloud-init[798]: The key fingerprint is:
[   17.531491] cloud-init[798]: SHA256:WK3proQXZ/4yHP7Qcz07TYdu24pFUAmtAAfwqKqhZ5k root@ubuntu-bionic
[   17.532665] cloud-init[798]: The key's randomart image is:
[   17.533417] cloud-init[798]: +--[ED25519 256]--+
[   17.534078] cloud-init[798]: |      ..oo. .o.. |
[   17.534704] cloud-init[798]: |       o o.  .o  |
[   17.535268] cloud-init[798]: |      . o ....   |
[   17.535891] cloud-init[798]: |     . o o  ..   |
[   17.536555] cloud-init[798]: |    . o S     .. |
[   17.537175] cloud-init[798]: |   . . *..   o. o|
[   17.537812] cloud-init[798]: |. .o. oo+.o ..+o.|
[   17.538521] cloud-init[798]: |.oE  o .=o o o++.|
[   17.539320] cloud-init[798]: |oo    ...+o ..++.|
[   17.540212] cloud-init[798]: +----[SHA256]-----+
[[0;32m  OK  [0m] Started Initial cloud-init job (metadata service crawler).
[[0;32m  OK  [0m] Reached target Cloud-config availability.
[[0;32m  OK  [0m] Reached target Network is Online.
[[0;32m  OK  [0m] Reached target Remote File Systems (Pre).
[[0;32m  OK  [0m] Reached target Remote File Systems.
         Starting Availability of block devices...
[[0;32m  OK  [0m] Reached target System Initialization.
[[0;32m  OK  [0m] Listening on ACPID Listen Socket.
[[0;32m  OK  [0m] Listening on D-Bus System Message Bus Socket.
[[0;32m  OK  [0m] Started ACPI Events Check.
[[0;32m  OK  [0m] Started Message of the Day.
[[0;32m  OK  [0m] Listening on UUID daemon activation socket.
[[0;32m  OK  [0m] Listening on Open-iSCSI iscsid Socket.
         Starting Socket activation for snappy daemon.
[[0;32m  OK  [0m] Started Daily apt download activities.
[[0;32m  OK  [0m] Started Daily Cleanup of Temporary Directories.
[[0;32m  OK  [0m] Started Discard unused blocks once a week.
[[0;32m  OK  [0m] Reached target Paths.
         Starting LXD - unix socket.
[[0;32m  OK  [0m] Started Daily apt upgrade and clean activities.
[[0;32m  OK  [0m] Reached target Timers.
[[0;32m  OK  [0m] Started Availability of block devices.
[[0;32m  OK  [0m] Listening on Socket activation for snappy daemon.
[[0;32m  OK  [0m] Listening on LXD - unix socket.
[[0;32m  OK  [0m] Reached target Sockets.
[[0;32m  OK  [0m] Reached target Basic System.
[[0;32m  OK  [0m] Started irqbalance daemon.
         Starting System Logging Service...
         Starting Virtualbox guest utils...
         Starting LSB: Record successful boot for GRUB...
         Starting Login Service...
         Starting Accounts Service...
[[0;32m  OK  [0m] Started D-Bus System Message Bus.
[[0;32m  OK  [0m] Started Login Service.
[[0;32m  OK  [0m] Started Unattended Upgrades Shutdown.
         Starting Dispatcher daemon for systemd-networkd...
[[0;32m  OK  [0m] Started Deferred execution scheduler.
         Starting LSB: automatic crash report generation...
[[0;32m  OK  [0m] Started FUSE filesystem for LXC.
         Starting Pollinate to seed the pseudo random number generator...
         Starting LXD - container startup/shutdown...
         Starting Permit User Sessions...
[[0;32m  OK  [0m] Started Regular background program processing daemon.
         Starting Snappy daemon...
[[0;32m  OK  [0m] Started System Logging Service.
[[0;32m  OK  [0m] Started Permit User Sessions.
         Starting Authorization Manager...
         Starting Hold until boot process finishes up...
         Starting Terminate Plymouth Boot Screen...
[[0;32m  OK  [0m] Started Hold until boot process finishes up.
         Starting Set console scheme...
[[0;32m  OK  [0m] Started Serial Getty on ttyS0.
[[0;32m  OK  [0m] Started Terminate Plymouth Boot Screen.
[[0;32m  OK  [0m] Started LSB: automatic crash report generation.
[[0;32m  OK  [0m] Started Set console scheme.
[[0;32m  OK  [0m] Created slice system-getty.slice.
[[0;32m  OK  [0m] Started Getty on tty1.
[[0;32m  OK  [0m] Reached target Login Prompts.
[[0;32m  OK  [0m] Started Authorization Manager.
[[0;32m  OK  [0m] Started LSB: Record successful boot for GRUB.
[[0;32m  OK  [0m] Started Accounts Service.
[[0;32m  OK  [0m] Started Virtualbox guest utils.
[[0;32m  OK  [0m] Started Dispatcher daemon for systemd-networkd.
[[0;32m  OK  [0m] Started LXD - container startup/shutdown.
[[0;32m  OK  [0m] Started Snappy daemon.
         Starting Wait until snapd is fully seeded...
[[0;32m  OK  [0m] Started Pollinate to seed the pseudo random number generator.
         Starting OpenBSD Secure Shell server...
[[0;32m  OK  [0m] Started OpenBSD Secure Shell server.
[[0;32m  OK  [0m] Created slice User Slice of vagrant.
         Starting User Manager for UID 1000...
[[0;32m  OK  [0m] Started Session 1 of user vagrant.
[[0;32m  OK  [0m] Started User Manager for UID 1000.

Ubuntu 18.04.4 LTS ubuntu-bionic ttyS0

ubuntu-bionic login: [   25.873667] cloud-init[1446]: Cloud-init v. 19.4-33-gbb4131a2-0ubuntu1~18.04.1 running 'modules:config' at Fri, 21 Feb 2020 19:05:34 +0000. Up 24.24 seconds.
ci-info: no authorized SSH keys fingerprints found for user ubuntu.
<14>Feb 21 19:05:36 ec2: 
<14>Feb 21 19:05:36 ec2: #############################################################
<14>Feb 21 19:05:36 ec2: -----BEGIN SSH HOST KEY FINGERPRINTS-----
<14>Feb 21 19:05:36 ec2: 1024 SHA256:hvo5hTd3v0552PJNzuhNx+EjUNmtelhvdl+0ekGAmDU root@ubuntu-bionic (DSA)
<14>Feb 21 19:05:36 ec2: 256 SHA256:kiLGPU42hhx9lrFljMFBv2KOvCwkg/YqoYdJzT97C40 root@ubuntu-bionic (ECDSA)
<14>Feb 21 19:05:36 ec2: 256 SHA256:WK3proQXZ/4yHP7Qcz07TYdu24pFUAmtAAfwqKqhZ5k root@ubuntu-bionic (ED25519)
<14>Feb 21 19:05:36 ec2: 2048 SHA256:2ls/lSFEZknLyMAtWmTF0cGxyijHYH5ES2/0H8nRZW8 root@ubuntu-bionic (RSA)
<14>Feb 21 19:05:36 ec2: -----END SSH HOST KEY FINGERPRINTS-----
<14>Feb 21 19:05:36 ec2: #############################################################
-----BEGIN SSH HOST KEY KEYS-----
ecdsa-sha2-nistp256 AAAAE2VjZHNhLXNoYTItbmlzdHAyNTYAAAAIbmlzdHAyNTYAAABBBOCNiN5ilazbBn/gL1GctGn3RaUlcfT2HHrKSc3Bi5cQXaNqIhAPWsRrvhpRk49biCZz6MK6a6610AMCCg9z1lQ= root@ubuntu-bionic
ssh-ed25519 AAAAC3NzaC1lZDI1NTE5AAAAIHpPZiDre7NnrJ5ucEFoTH0LzgqpU9T2YcsctLvbJ12M root@ubuntu-bionic
ssh-rsa AAAAB3NzaC1yc2EAAAADAQABAAABAQDdC5u5ejr/fhEkP5gdKBTnae3xBQBsL0v7FNqBiPd9oHowKUoZWfz/RM0vBHdJme/dqfBlBf3a3cxVPwzuhNqvBJ0lg0AwGTymIDl1B2cmEdJvwxpbpTBams3sTKXumdUgxmOio6B/1oWJ7ZxzxXNqbKWl8GuudCxnMCOGFkJbcIo30nnwOcCjd1eWPleJIl+SL6Vs6TuxBiuzeLsguolry2ZW2BJslT0m7H6oRD+Hz53RW7W7aJ6J98H41tEsx3rKhor9M6DM+1eqOANCIAuvx4HmMjTW2jRatgfnBisoKmmO/nzpwaCe7Ghini0d3xffIUMF+mukPtFErdrzAJWT root@ubuntu-bionic
-----END SSH HOST KEY KEYS-----
[   26.642764] cloud-init[1579]: Cloud-init v. 19.4-33-gbb4131a2-0ubuntu1~18.04.1 running 'modules:final' at Fri, 21 Feb 2020 19:05:36 +0000. Up 26.43 seconds.
[   26.642898] cloud-init[1579]: ci-info: no authorized SSH keys fingerprints found for user ubuntu.
[   26.643527] cloud-init[1579]: Cloud-init v. 19.4-33-gbb4131a2-0ubuntu1~18.04.1 finished at Fri, 21 Feb 2020 19:05:36 +0000. Datasource DataSourceNoCloud [seed=/dev/sdb][dsmode=net].  Up 26.63 seconds
