[    0.000000] Linux version 4.15.0-88-generic (buildd@lgw01-amd64-036) (gcc version 7.4.0 (Ubuntu 7.4.0-1ubuntu1~18.04.1)) #88-Ubuntu SMP Tue Feb 11 20:11:34 UTC 2020 (Ubuntu 4.15.0-88.88-generic 4.15.18)
[    0.000000] Command line: BOOT_IMAGE=/boot/vmlinuz-4.15.0-88-generic root=LABEL=cloudimg-rootfs ro console=tty1 console=ttyS0
[    0.000000] KERNEL supported cpus:
[    0.000000]   Intel GenuineIntel
[    0.000000]   AMD AuthenticAMD
[    0.000000]   Centaur CentaurHauls
[    0.000000] x86/fpu: Supporting XSAVE feature 0x001: 'x87 floating point registers'
[    0.000000] x86/fpu: Supporting XSAVE feature 0x002: 'SSE registers'
[    0.000000] x86/fpu: Supporting XSAVE feature 0x004: 'AVX registers'
[    0.000000] x86/fpu: xstate_offset[2]:  576, xstate_sizes[2]:  256
[    0.000000] x86/fpu: Enabled xstate features 0x7, context size is 832 bytes, using 'standard' format.
[    0.000000] e820: BIOS-provided physical RAM map:
[    0.000000] BIOS-e820: [mem 0x0000000000000000-0x000000000009fbff] usable
[    0.000000] BIOS-e820: [mem 0x000000000009fc00-0x000000000009ffff] reserved
[    0.000000] BIOS-e820: [mem 0x00000000000f0000-0x00000000000fffff] reserved
[    0.000000] BIOS-e820: [mem 0x0000000000100000-0x00000000bffeffff] usable
[    0.000000] BIOS-e820: [mem 0x00000000bfff0000-0x00000000bfffffff] ACPI data
[    0.000000] BIOS-e820: [mem 0x00000000fec00000-0x00000000fec00fff] reserved
[    0.000000] BIOS-e820: [mem 0x00000000fee00000-0x00000000fee00fff] reserved
[    0.000000] BIOS-e820: [mem 0x00000000fffc0000-0x00000000ffffffff] reserved
[    0.000000] NX (Execute Disable) protection: active
[    0.000000] SMBIOS 2.5 present.
[    0.000000] DMI: innotek GmbH VirtualBox/VirtualBox, BIOS VirtualBox 12/01/2006
[    0.000000] Hypervisor detected: KVM
[    0.000000] e820: last_pfn = 0xbfff0 max_arch_pfn = 0x400000000
[    0.000000] MTRR: Disabled
[    0.000000] x86/PAT: MTRRs disabled, skipping PAT initialization too.
[    0.000000] CPU MTRRs all blank - virtualized system.
[    0.000000] x86/PAT: Configuration [0-7]: WB  WT  UC- UC  WB  WT  UC- UC  
[    0.000000] found SMP MP-table at [mem 0x0009fff0-0x0009ffff]
[    0.000000] Scanning 1 areas for low memory corruption
[    0.000000] RAMDISK: [mem 0x35a6f000-0x36d2efff]
[    0.000000] ACPI: Early table checksum verification disabled
[    0.000000] ACPI: RSDP 0x00000000000E0000 000024 (v02 VBOX  )
[    0.000000] ACPI: XSDT 0x00000000BFFF0030 00003C (v01 VBOX   VBOXXSDT 00000001 ASL  00000061)
[    0.000000] ACPI: FACP 0x00000000BFFF00F0 0000F4 (v04 VBOX   VBOXFACP 00000001 ASL  00000061)
[    0.000000] ACPI: DSDT 0x00000000BFFF0470 002325 (v02 VBOX   VBOXBIOS 00000002 INTL 20180105)
[    0.000000] ACPI: FACS 0x00000000BFFF0200 000040
[    0.000000] ACPI: FACS 0x00000000BFFF0200 000040
[    0.000000] ACPI: APIC 0x00000000BFFF0240 00005C (v02 VBOX   VBOXAPIC 00000001 ASL  00000061)
[    0.000000] ACPI: SSDT 0x00000000BFFF02A0 0001CC (v01 VBOX   VBOXCPUT 00000002 INTL 20180105)
[    0.000000] No NUMA configuration found
[    0.000000] Faking a node at [mem 0x0000000000000000-0x00000000bffeffff]
[    0.000000] NODE_DATA(0) allocated [mem 0xbffc5000-0xbffeffff]
[    0.000000] kvm-clock: cpu 0, msr 0:bff44001, primary cpu clock
[    0.000000] kvm-clock: Using msrs 4b564d01 and 4b564d00
[    0.000000] kvm-clock: using sched offset of 3586722623 cycles
[    0.000000] clocksource: kvm-clock: mask: 0xffffffffffffffff max_cycles: 0x1cd42e4dffb, max_idle_ns: 881590591483 ns
[    0.000000] Zone ranges:
[    0.000000]   DMA      [mem 0x0000000000001000-0x0000000000ffffff]
[    0.000000]   DMA32    [mem 0x0000000001000000-0x00000000bffeffff]
[    0.000000]   Normal   empty
[    0.000000]   Device   empty
[    0.000000] Movable zone start for each node
[    0.000000] Early memory node ranges
[    0.000000]   node   0: [mem 0x0000000000001000-0x000000000009efff]
[    0.000000]   node   0: [mem 0x0000000000100000-0x00000000bffeffff]
[    0.000000] Reserved but unavailable: 98 pages
[    0.000000] Initmem setup node 0 [mem 0x0000000000001000-0x00000000bffeffff]
[    0.000000] ACPI: PM-Timer IO Port: 0x4008
[    0.000000] IOAPIC[0]: apic_id 2, version 32, address 0xfec00000, GSI 0-23
[    0.000000] ACPI: INT_SRC_OVR (bus 0 bus_irq 0 global_irq 2 dfl dfl)
[    0.000000] ACPI: INT_SRC_OVR (bus 0 bus_irq 9 global_irq 9 low level)
[    0.000000] Using ACPI (MADT) for SMP configuration information
[    0.000000] smpboot: Allowing 2 CPUs, 0 hotplug CPUs
[    0.000000] PM: Registered nosave memory: [mem 0x00000000-0x00000fff]
[    0.000000] PM: Registered nosave memory: [mem 0x0009f000-0x0009ffff]
[    0.000000] PM: Registered nosave memory: [mem 0x000a0000-0x000effff]
[    0.000000] PM: Registered nosave memory: [mem 0x000f0000-0x000fffff]
[    0.000000] e820: [mem 0xc0000000-0xfebfffff] available for PCI devices
[    0.000000] Booting paravirtualized kernel on KVM
[    0.000000] clocksource: refined-jiffies: mask: 0xffffffff max_cycles: 0xffffffff, max_idle_ns: 7645519600211568 ns
[    0.000000] random: get_random_bytes called from start_kernel+0x99/0x4fd with crng_init=0
[    0.000000] setup_percpu: NR_CPUS:8192 nr_cpumask_bits:2 nr_cpu_ids:2 nr_node_ids:1
[    0.000000] percpu: Embedded 45 pages/cpu s147456 r8192 d28672 u1048576
[    0.000000] PV qspinlock hash table entries: 256 (order: 0, 4096 bytes)
[    0.000000] Built 1 zonelists, mobility grouping on.  Total pages: 774009
[    0.000000] Policy zone: DMA32
[    0.000000] Kernel command line: BOOT_IMAGE=/boot/vmlinuz-4.15.0-88-generic root=LABEL=cloudimg-rootfs ro console=tty1 console=ttyS0
[    0.000000] Memory: 3047456K/3145272K available (12300K kernel code, 2481K rwdata, 4264K rodata, 2428K init, 2712K bss, 97816K reserved, 0K cma-reserved)
[    0.000000] SLUB: HWalign=64, Order=0-3, MinObjects=0, CPUs=2, Nodes=1
[    0.000000] Kernel/User page tables isolation: enabled
[    0.000000] ftrace: allocating 39344 entries in 154 pages
[    0.004000] Hierarchical RCU implementation.
[    0.004000] 	RCU restricting CPUs from NR_CPUS=8192 to nr_cpu_ids=2.
[    0.004000] 	Tasks RCU enabled.
[    0.004000] RCU: Adjusting geometry for rcu_fanout_leaf=16, nr_cpu_ids=2
[    0.004000] NR_IRQS: 524544, nr_irqs: 440, preallocated irqs: 16
[    0.004000] Console: colour VGA+ 80x25
[    0.004000] console [tty1] enabled
[    0.004000] console [ttyS0] enabled
[    0.004000] ACPI: Core revision 20170831
[    0.004000] ACPI: 2 ACPI AML tables successfully acquired and loaded
[    0.004000] APIC: Switch to symmetric I/O mode setup
[    0.004237] x2apic enabled
[    0.004965] Switched APIC routing to physical x2apic.
[    0.006886] ..TIMER: vector=0x30 apic1=0 pin1=2 apic2=-1 pin2=-1
[    0.008002] tsc: Detected 2593.966 MHz processor
[    0.008742] Calibrating delay loop (skipped) preset value.. 5187.93 BogoMIPS (lpj=10375864)
[    0.009395] pid_max: default: 32768 minimum: 301
[    0.010227] Security Framework initialized
[    0.012003] Yama: becoming mindful.
[    0.012572] AppArmor: AppArmor initialized
[    0.014252] Dentry cache hash table entries: 524288 (order: 10, 4194304 bytes)
[    0.016852] Inode-cache hash table entries: 262144 (order: 9, 2097152 bytes)
[    0.018259] Mount-cache hash table entries: 8192 (order: 4, 65536 bytes)
[    0.019246] Mountpoint-cache hash table entries: 8192 (order: 4, 65536 bytes)
[    0.020260] Last level iTLB entries: 4KB 1024, 2MB 1024, 4MB 1024
[    0.021322] Last level dTLB entries: 4KB 1024, 2MB 1024, 4MB 1024, 1GB 4
[    0.022289] Spectre V1 : Mitigation: usercopy/swapgs barriers and __user pointer sanitization
[    0.023683] Spectre V2 : Mitigation: Full generic retpoline
[    0.024002] Spectre V2 : Spectre v2 / SpectreRSB mitigation: Filling RSB on context switch
[    0.025382] Speculative Store Bypass: Vulnerable
[    0.026201] MDS: Mitigation: Clear CPU buffers
[    0.027144] Freeing SMP alternatives memory: 36K
[    0.138988] smpboot: CPU0: Intel(R) Core(TM) i7-4510U CPU @ 2.00GHz (family: 0x6, model: 0x45, stepping: 0x1)
[    0.140000] Performance Events: unsupported p6 CPU model 69 no PMU driver, software events only.
[    0.140000] Hierarchical SRCU implementation.
[    0.140228] NMI watchdog: Perf event create on CPU 0 failed with -2
[    0.141235] NMI watchdog: Perf NMI watchdog permanently disabled
[    0.142258] smp: Bringing up secondary CPUs ...
[    0.143617] x86: Booting SMP configuration:
[    0.144002] .... node  #0, CPUs:      #1
[    0.004000] kvm-clock: cpu 1, msr 0:bff44041, secondary cpu clock
[    0.148027] smp: Brought up 1 node, 2 CPUs
[    0.148840] smpboot: Max logical packages: 1
[    0.149538] smpboot: Total of 2 processors activated (10375.86 BogoMIPS)
[    0.150831] devtmpfs: initialized
[    0.150831] x86/mm: Memory block size: 128MB
[    0.152288] evm: security.selinux
[    0.152914] evm: security.SMACK64
[    0.153464] evm: security.SMACK64EXEC
[    0.154067] evm: security.SMACK64TRANSMUTE
[    0.154726] evm: security.SMACK64MMAP
[    0.155362] evm: security.apparmor
[    0.156002] evm: security.ima
[    0.156570] evm: security.capability
[    0.157217] clocksource: jiffies: mask: 0xffffffff max_cycles: 0xffffffff, max_idle_ns: 7645041785100000 ns
[    0.157514] futex hash table entries: 512 (order: 3, 32768 bytes)
[    0.160055] pinctrl core: initialized pinctrl subsystem
[    0.161002] RTC time: 21:57:35, date: 03/27/20
[    0.161907] NET: Registered protocol family 16
[    0.162695] audit: initializing netlink subsys (disabled)
[    0.164009] audit: type=2000 audit(1585346260.473:1): state=initialized audit_enabled=0 res=1
[    0.164121] cpuidle: using governor ladder
[    0.164734] cpuidle: using governor menu
[    0.165428] ACPI: bus type PCI registered
[    0.166120] acpiphp: ACPI Hot Plug PCI Controller Driver version: 0.5
[    0.168096] PCI: Using configuration type 1 for base access
[    0.169042] HugeTLB registered 2.00 MiB page size, pre-allocated 0 pages
[    0.172101] ACPI: Added _OSI(Module Device)
[    0.172809] ACPI: Added _OSI(Processor Device)
[    0.173512] ACPI: Added _OSI(3.0 _SCP Extensions)
[    0.174289] ACPI: Added _OSI(Processor Aggregator Device)
[    0.175163] ACPI: Added _OSI(Linux-Dell-Video)
[    0.176004] ACPI: Added _OSI(Linux-Lenovo-NV-HDMI-Audio)
[    0.176863] ACPI: Added _OSI(Linux-HPI-Hybrid-Graphics)
[    0.177910] ACPI: Executed 1 blocks of module-level executable AML code
[    0.182682] ACPI: Interpreter enabled
[    0.183317] ACPI: (supports S0 S5)
[    0.183870] ACPI: Using IOAPIC for interrupt routing
[    0.184338] PCI: Using host bridge windows from ACPI; if necessary, use "pci=nocrs" and report a bug
[    0.185934] ACPI: Enabled 2 GPEs in block 00 to 07
[    0.193922] ACPI: PCI Root Bridge [PCI0] (domain 0000 [bus 00-ff])
[    0.194921] acpi PNP0A03:00: _OSC: OS supports [ASPM ClockPM Segments MSI]
[    0.196373] acpi PNP0A03:00: _OSC: not requesting OS control; OS requires [ExtendedConfig ASPM ClockPM MSI]
[    0.197991] acpi PNP0A03:00: fail to add MMCONFIG information, can't access extended PCI configuration space under this bridge.
[    0.200117] PCI host bridge to bus 0000:00
[    0.200832] pci_bus 0000:00: root bus resource [io  0x0000-0x0cf7 window]
[    0.201915] pci_bus 0000:00: root bus resource [io  0x0d00-0xffff window]
[    0.202958] pci_bus 0000:00: root bus resource [mem 0x000a0000-0x000bffff window]
[    0.204003] pci_bus 0000:00: root bus resource [mem 0xc0000000-0xfdffffff window]
[    0.205191] pci_bus 0000:00: root bus resource [bus 00-ff]
[    0.207538] pci 0000:00:01.1: legacy IDE quirk: reg 0x10: [io  0x01f0-0x01f7]
[    0.208003] pci 0000:00:01.1: legacy IDE quirk: reg 0x14: [io  0x03f6]
[    0.209012] pci 0000:00:01.1: legacy IDE quirk: reg 0x18: [io  0x0170-0x0177]
[    0.210094] pci 0000:00:01.1: legacy IDE quirk: reg 0x1c: [io  0x0376]
[    0.246842] pci 0000:00:07.0: quirk: [io  0x4000-0x403f] claimed by PIIX4 ACPI
[    0.248014] pci 0000:00:07.0: quirk: [io  0x4100-0x410f] claimed by PIIX4 SMB
[    0.272582] ACPI: PCI Interrupt Link [LNKA] (IRQs 5 9 10 *11)
[    0.273802] ACPI: PCI Interrupt Link [LNKB] (IRQs 5 9 *10 11)
[    0.274788] ACPI: PCI Interrupt Link [LNKC] (IRQs 5 *9 10 11)
[    0.275788] ACPI: PCI Interrupt Link [LNKD] (IRQs 5 9 10 *11)
[    0.276370] SCSI subsystem initialized
[    0.277099] pci 0000:00:02.0: vgaarb: setting as boot VGA device
[    0.277099] pci 0000:00:02.0: vgaarb: VGA device added: decodes=io+mem,owns=io+mem,locks=none
[    0.280021] pci 0000:00:02.0: vgaarb: bridge control possible
[    0.281252] vgaarb: loaded
[    0.281950] ACPI: bus type USB registered
[    0.282874] usbcore: registered new interface driver usbfs
[    0.284015] usbcore: registered new interface driver hub
[    0.284969] usbcore: registered new device driver usb
[    0.285876] EDAC MC: Ver: 3.0.0
[    0.285876] PCI: Using ACPI for IRQ routing
[    0.288293] NetLabel: Initializing
[    0.288869] NetLabel:  domain hash size = 128
[    0.289601] NetLabel:  protocols = UNLABELED CIPSOv4 CALIPSO
[    0.290525] NetLabel:  unlabeled traffic allowed by default
[    0.291464] clocksource: Switched to clocksource kvm-clock
[    0.300985] VFS: Disk quotas dquot_6.6.0
[    0.301797] VFS: Dquot-cache hash table entries: 512 (order 0, 4096 bytes)
[    0.303002] AppArmor: AppArmor Filesystem Enabled
[    0.303823] pnp: PnP ACPI init
[    0.305350] pnp: PnP ACPI: found 3 devices
[    0.314675] clocksource: acpi_pm: mask: 0xffffff max_cycles: 0xffffff, max_idle_ns: 2085701024 ns
[    0.316274] NET: Registered protocol family 2
[    0.317322] TCP established hash table entries: 32768 (order: 6, 262144 bytes)
[    0.318620] TCP bind hash table entries: 32768 (order: 7, 524288 bytes)
[    0.319731] TCP: Hash tables configured (established 32768 bind 32768)
[    0.320934] UDP hash table entries: 2048 (order: 4, 65536 bytes)
[    0.321916] UDP-Lite hash table entries: 2048 (order: 4, 65536 bytes)
[    0.323002] NET: Registered protocol family 1
[    0.323739] pci 0000:00:00.0: Limiting direct PCI/PCI transfers
[    0.324770] pci 0000:00:01.0: Activating ISA DMA hang workarounds
[    0.325778] pci 0000:00:02.0: Video device with shadowed ROM at [mem 0x000c0000-0x000dffff]
[    0.327279] Unpacking initramfs...
[    0.581441] Freeing initrd memory: 19200K
[    0.582235] clocksource: tsc: mask: 0xffffffffffffffff max_cycles: 0x2563f7e18a7, max_idle_ns: 440795265594 ns
[    0.583872] platform rtc_cmos: registered platform RTC device (no PNP device found)
[    0.585243] Scanning for low memory corruption every 60 seconds
[    0.586889] Initialise system trusted keyrings
[    0.587652] Key type blacklist registered
[    0.588462] workingset: timestamp_bits=36 max_order=20 bucket_order=0
[    0.590458] zbud: loaded
[    0.591438] squashfs: version 4.0 (2009/01/31) Phillip Lougher
[    0.592687] fuse init (API version 7.26)
[    0.595491] Key type asymmetric registered
[    0.596265] Asymmetric key parser 'x509' registered
[    0.597234] Block layer SCSI generic (bsg) driver version 0.4 loaded (major 246)
[    0.598731] io scheduler noop registered
[    0.599463] io scheduler deadline registered
[    0.600331] io scheduler cfq registered (default)
[    0.601582] ACPI: AC Adapter [AC] (on-line)
[    0.602412] input: Power Button as /devices/LNXSYSTM:00/LNXPWRBN:00/input/input0
[    0.603794] ACPI: Power Button [PWRF]
[    0.604611] input: Sleep Button as /devices/LNXSYSTM:00/LNXSLPBN:00/input/input1
[    0.605975] ACPI: Sleep Button [SLPF]
[    0.607561] ACPI: Battery Slot [BAT0] (battery present)
[    0.608177] Serial: 8250/16550 driver, 32 ports, IRQ sharing enabled
[    0.630632] 00:02: ttyS0 at I/O 0x3f8 (irq = 4, base_baud = 115200) is a 16550A
[    0.636349] Linux agpgart interface v0.103
[    0.638125] loop: module loaded
[    0.639298] scsi host0: ata_piix
[    0.640080] scsi host1: ata_piix
[    0.640734] ata1: PATA max UDMA/33 cmd 0x1f0 ctl 0x3f6 bmdma 0xd000 irq 14
[    0.641905] ata2: PATA max UDMA/33 cmd 0x170 ctl 0x376 bmdma 0xd008 irq 15
[    0.643123] libphy: Fixed MDIO Bus: probed
[    0.643871] tun: Universal TUN/TAP device driver, 1.6
[    0.644723] PPP generic driver version 2.4.2
[    0.645466] ehci_hcd: USB 2.0 'Enhanced' Host Controller (EHCI) Driver
[    0.646568] ehci-pci: EHCI PCI platform driver
[    0.647314] ehci-platform: EHCI generic platform driver
[    0.648225] ohci_hcd: USB 1.1 'Open' Host Controller (OHCI) Driver
[    0.649291] ohci-pci: OHCI PCI platform driver
[    0.650011] ohci-platform: OHCI generic platform driver
[    0.650837] uhci_hcd: USB Universal Host Controller Interface driver
[    0.651971] i8042: PNP: PS/2 Controller [PNP0303:PS2K,PNP0f03:PS2M] at 0x60,0x64 irq 1,12
[    0.653884] serio: i8042 KBD port at 0x60,0x64 irq 1
[    0.654678] serio: i8042 AUX port at 0x60,0x64 irq 12
[    0.655566] mousedev: PS/2 mouse device common for all mice
[    0.656734] input: AT Translated Set 2 keyboard as /devices/platform/i8042/serio0/input/input2
[    0.658578] rtc_cmos rtc_cmos: rtc core: registered rtc_cmos as rtc0
[    0.659706] rtc_cmos rtc_cmos: alarms up to one day, 114 bytes nvram
[    0.660791] i2c /dev entries driver
[    0.661479] device-mapper: uevent: version 1.0.3
[    0.662334] device-mapper: ioctl: 4.37.0-ioctl (2017-09-20) initialised: dm-devel@redhat.com
[    0.663657] ledtrig-cpu: registered to indicate activity on CPUs
[    0.665104] NET: Registered protocol family 10
[    0.669832] Segment Routing with IPv6
[    0.670453] NET: Registered protocol family 17
[    0.671234] Key type dns_resolver registered
[    0.672064] mce: Using 0 MCE banks
[    0.672728] RAS: Correctable Errors collector initialized.
[    0.673705] sched_clock: Marking stable (672695126, 0)->(866859680, -194164554)
[    0.675182] registered taskstats version 1
[    0.675900] Loading compiled-in X.509 certificates
[    0.679039] Loaded X.509 cert 'Build time autogenerated kernel key: f0020782f0d3a548186fb3f47aed88387a71e859'
[    0.680930] zswap: loaded using pool lzo/zbud
[    0.684926] Key type big_key registered
[    0.685539] Key type trusted registered
[    0.687683] Key type encrypted registered
[    0.688365] AppArmor: AppArmor sha1 policy hashing enabled
[    0.689248] ima: No TPM chip found, activating TPM-bypass! (rc=-19)
[    0.690359] ima: Allocated hash algorithm: sha1
[    0.691066] evm: HMAC attrs: 0x1
[    0.691853]   Magic number: 12:681:1006
[    0.692633] rtc_cmos rtc_cmos: setting system clock to 2020-03-27 21:57:36 UTC (1585346256)
[    0.694016] BIOS EDD facility v0.16 2004-Jun-25, 0 devices found
[    0.694901] EDD information not available.
[    1.138015] Freeing unused kernel image memory: 2428K
[    1.152186] Write protecting the kernel read-only data: 20480k
[    1.154078] Freeing unused kernel image memory: 2008K
[    1.155622] Freeing unused kernel image memory: 1880K
[    1.167568] x86/mm: Checked W+X mappings: passed, no W+X pages found.
[    1.168698] x86/mm: Checking user space page tables
[    1.175200] x86/mm: Checked W+X mappings: passed, no W+X pages found.
Loading, please wait...
starting version 237
[    1.261573] Fusion MPT base driver 3.04.20
[    1.262325] Copyright (c) 1999-2008 LSI Corporation
[    1.263462] e1000: Intel(R) PRO/1000 Network Driver - version 7.3.21-k8-NAPI
[    1.264776] e1000: Copyright (c) 1999-2006 Intel Corporation.
[    1.269243] AVX2 version of gcm_enc/dec engaged.
[    1.270131] AES CTR mode by8 optimization enabled
[    1.271064] Fusion MPT SPI Host driver 3.04.20
[    1.465403] input: ImExPS/2 Generic Explorer Mouse as /devices/platform/i8042/serio1/input/input4
[    1.651726] e1000 0000:00:03.0 eth0: (PCI:33MHz:32-bit) 02:12:4b:e9:82:8c
[    1.652853] e1000 0000:00:03.0 eth0: Intel(R) PRO/1000 Network Connection
[    1.654863] mptbase: ioc0: Initiating bringup
[    1.748943] ioc0: LSI53C1030 A0: Capabilities={Initiator}
[    1.994263] scsi host2: ioc0: LSI53C1030 A0, FwRev=00000000h, Ports=1, MaxQ=256, IRQ=20
[    2.162137] scsi 2:0:0:0: Direct-Access     VBOX     HARDDISK         1.0  PQ: 0 ANSI: 5
[    2.288153] scsi target2:0:0: Beginning Domain Validation
[    2.289811] scsi target2:0:0: Domain Validation skipping write tests
[    2.290788] scsi target2:0:0: Ending Domain Validation
[    2.291630] scsi target2:0:0: asynchronous
[    2.292706] scsi 2:0:1:0: Direct-Access     VBOX     HARDDISK         1.0  PQ: 0 ANSI: 5
[    2.528146] scsi target2:0:1: Beginning Domain Validation
[    2.531562] random: fast init done
[    2.533268] scsi target2:0:1: Domain Validation skipping write tests
[    2.535359] scsi target2:0:1: Ending Domain Validation
[    2.537247] scsi target2:0:1: asynchronous
[    2.541001] random: systemd-udevd: uninitialized urandom read (16 bytes read)
[    2.541074] e1000 0000:00:08.0 eth1: (PCI:33MHz:32-bit) 08:00:27:1f:b0:91
[    2.542342] random: systemd-udevd: uninitialized urandom read (16 bytes read)
[    2.543555] e1000 0000:00:08.0 eth1: Intel(R) PRO/1000 Network Connection
[    2.544894] random: systemd-udevd: uninitialized urandom read (16 bytes read)
[    2.549401] sd 2:0:0:0: Attached scsi generic sg0 type 0
[    2.549410] sd 2:0:0:0: [sda] 20971520 512-byte logical blocks: (10.7 GB/10.0 GiB)
[    2.550482] sd 2:0:1:0: [sdb] 20480 512-byte logical blocks: (10.5 MB/10.0 MiB)
[    2.552669] e1000 0000:00:03.0 enp0s3: renamed from eth0
[    2.552845] sd 2:0:1:0: [sdb] Write Protect is off
[    2.553766] sd 2:0:0:0: [sda] Write Protect is off
[    2.555427] sd 2:0:1:0: Attached scsi generic sg1 type 0
[    2.556283] sd 2:0:0:0: [sda] Incomplete mode parameter data
[    2.557390] sd 2:0:0:0: [sda] Assuming drive cache: write through
[    2.558585] sd 2:0:1:0: [sdb] Incomplete mode parameter data
[    2.559633] sd 2:0:1:0: [sdb] Assuming drive cache: write through
[    2.561899]  sda: sda1
[    2.562727] sd 2:0:0:0: [sda] Attached SCSI disk
[    2.572495] e1000 0000:00:08.0 enp0s8: renamed from eth1
[    2.574369] sd 2:0:1:0: [sdb] Attached SCSI disk
Begin: Loading essential drivers ... [    4.004047] raid6: sse2x1   gen() 10314 MB/s
[    4.052052] raid6: sse2x1   xor()  7259 MB/s
[    4.100081] raid6: sse2x2   gen() 12018 MB/s
[    4.148067] raid6: sse2x2   xor()  6520 MB/s
[    4.196044] raid6: sse2x4   gen() 10997 MB/s
[    4.244056] raid6: sse2x4   xor()  8986 MB/s
[    4.292055] raid6: avx2x1   gen() 19690 MB/s
[    4.340047] raid6: avx2x1   xor() 13539 MB/s
[    4.388049] raid6: avx2x2   gen() 23390 MB/s
[    4.436049] raid6: avx2x2   xor() 14092 MB/s
[    4.484046] raid6: avx2x4   gen() 26196 MB/s
[    4.532047] raid6: avx2x4   xor() 16948 MB/s
[    4.532758] raid6: using algorithm avx2x4 gen() 26196 MB/s
[    4.533684] raid6: .... xor() 16948 MB/s, rmw enabled
[    4.534496] raid6: using avx2x2 recovery algorithm
[    4.536390] xor: automatically using best checksumming function   avx       
[    4.538553] async_tx: api initialized (async)
done.
Begin: Running /scripts/init-premount ... done.
Begin: Mounting root file system ... Begin: Running /scripts/local-top ... done.
Begin: Running /scripts/local-premount ... [    4.585293] Btrfs loaded, crc32c=crc32c-intel
Scanning for Btrfs filesystems
done.
Warning: fsck not present, so skipping root file system
[    4.636946] EXT4-fs (sda1): mounted filesystem with ordered data mode. Opts: (null)
done.
Begin: Running /scripts/local-bottom ... done.
Begin: Running /scripts/init-bottom ... done.
[    5.512631] ip_tables: (C) 2000-2006 Netfilter Core Team
[    5.609416] systemd[1]: systemd 237 running in system mode. (+PAM +AUDIT +SELINUX +IMA +APPARMOR +SMACK +SYSVINIT +UTMP +LIBCRYPTSETUP +GCRYPT +GNUTLS +ACL +XZ +LZ4 +SECCOMP +BLKID +ELFUTILS +KMOD -IDN2 +IDN -PCRE2 default-hierarchy=hybrid)
[    5.616093] systemd[1]: Detected virtualization oracle.
[    5.617327] systemd[1]: Detected architecture x86-64.

Welcome to [1mUbuntu 18.04.4 LTS[0m!

[    5.639095] systemd[1]: Set hostname to <ubuntu>.
[    5.701215] systemd[1]: Initializing machine ID from random generator.
[    5.704983] systemd[1]: Installed transient /etc/machine-id file.
[    7.313772] random: crng init done
[    7.314898] random: 7 urandom warning(s) missed due to ratelimiting
[    7.473041] systemd[1]: Reached target User and Group Name Lookups.
[[0;32m  OK  [0m] Reached target User and Group Name Lookups.
[    7.475193] systemd[1]: Started Forward Password Requests to Wall Directory Watch.
[[0;32m  OK  [0m] Started Forward Password Requests to Wall Directory Watch.
[    7.480022] systemd[1]: Created slice System Slice.
[[0;32m  OK  [0m] Created slice System Slice.
[    7.481913] systemd[1]: Listening on udev Control Socket.
[[0;32m  OK  [0m] Listening on udev Control Socket.
[[0;32m  OK  [0m] Listening on udev Kernel Socket.
[[0;32m  OK  [0m] Listening on /dev/initctl Compatibility Named Pipe.
[[0;32m  OK  [0m] Listening on Journal Socket.
         Starting Uncomplicated firewall...
         Starting Set the console keyboard layout...
         Starting udev Coldplug all Devices...
[[0;32m  OK  [0m] Listening on Journal Socket (/dev/log).
[[0;32m  OK  [0m] Listening on Journal Audit Socket.
         Mounting Huge Pages File System...
[[0;32m  OK  [0m] Created slice User and Session Slice.
[[0;32m  OK  [0m] Reached target Slices.
[[0;32m  OK  [0m] Reached target System Time Synchronized.
[[0;32m  OK  [0m] Reached target Swap.
[[0;32m  OK  [0m] Listening on Syslog Socket.
         Starting Journal Service...
         Starting Load Kernel Modules...
         Starting Remount Root and Kernel File Systems...
[[0;32m  OK  [0m] Listening on Network Service Netlink Socket.
[[0;32m  OK  [0m] Set up automount Arbitrary Executab…rmats File System Automount Point.
[[0;32m  OK  [0m] Created slice system-serial\x2dgetty.slice.
[    7.633150] Loading iSCSI transport class v2.0-870.
         Mounting POSIX Message Queue File System...
         Starting Create list of required st…ce nodes for the current kernel...
[[0;32m  OK  [0m] Listening on LVM2 poll daemon socket.
[[0;32m  OK  [0m] Listening on Device-mapper event daemon FIFOs.
         Mounting Kernel Debug File System...
[[0;32m  OK  [0m] Listening on LVM2 metadata daemon socket.
         Starting Monitoring of LVM2 mirrors…ng dmeventd or progress polling...
[[0;32m  OK  [0m] Started Uncomplicated firewall.
[[0;32m  OK  [0m] Mounted Huge Pages File System.
[[0;32m  OK  [0m] Mounted POSIX Message Queue File System.
[[0;32m  OK  [0m] Mounted Kernel Debug File System.
[[0;32m  OK  [0m] Started udev Coldplug all Devices.
[    8.176942] iscsi: registered transport (tcp)
[[0;32m  OK  [0m] Started Journal Service.
[    8.202314] EXT4-fs (sda1): re-mounted. Opts: (null)
[[0;32m  OK  [0m] Started Remount Root and Kernel File Systems.
[    8.283196] iscsi: registered transport (iser)
         Starting Flush Journal to Persistent Storage...
         Starting Load/Save Random Seed...
[[0;32m  OK  [0m] Started Load Kernel Modules.
         Mounting Kernel Configuration File System...
         Starting Apply Kernel Variables...
         Mounting FUSE Control File System...
[[0;32m  OK  [0m] Started Create list of required sta…vice nodes for the current kernel.
[[0;32m  OK  [0m] Mounted Kernel Configuration File System.
         Starting Create Static Device Nodes in /dev...
[[0;32m  OK  [0m] Mounted FUSE Control File System.
[    8.422102] systemd-journald[389]: Received request to flush runtime journal from PID 1
[[0;32m  OK  [0m] Started Load/Save Random Seed.
[[0;32m  OK  [0m] Started LVM2 metadata daemon.
[[0;32m  OK  [0m] Started Apply Kernel Variables.
[[0;32m  OK  [0m] Started Flush Journal to Persistent Storage.
[[0;32m  OK  [0m] Started Create Static Device Nodes in /dev.
         Starting udev Kernel Device Manager...
[[0;32m  OK  [0m] Started Monitoring of LVM2 mirrors,…sing dmeventd or progress polling.
[[0;32m  OK  [0m] Started udev Kernel Device Manager.
[[0;32m  OK  [0m] Found device /dev/ttyS0.
[[0;32m  OK  [0m] Listening on Load/Save RF Kill Switch Status /dev/rfkill Watch.
[[0;32m  OK  [0m] Started Set the console keyboard layout.
[[0;32m  OK  [0m] Started Dispatch Password Requests to Console Directory Watch.
[[0;32m  OK  [0m] Reached target Local Encrypted Volumes.
[[0;32m  OK  [0m] Reached target Local File Systems (Pre).
[[0;32m  OK  [0m] Reached target Local File Systems.
         Starting Commit a transient machine-id on disk...
         Starting Set console font and keymap...
         Starting Create Volatile Files and Directories...
         Starting ebtables ruleset management...
         Starting AppArmor initialization...
         Starting Tell Plymouth To Write Out Runtime Data...
[[0;32m  OK  [0m] Started Set console font and keymap.
[[0;32m  OK  [0m] Started Tell Plymouth To Write Out Runtime Data.
[[0;32m  OK  [0m] Started Create Volatile Files and Directories.
         Starting Update UTMP about System Boot/Shutdown...
[[0;32m  OK  [0m] Started Update UTMP about System Boot/Shutdown.
[[0;32m  OK  [0m] Started Commit a transient machine-id on disk.
[[0;32m  OK  [0m] Started ebtables ruleset management.
[[0;32m  OK  [0m] Started AppArmor initialization.
         Starting Initial cloud-init job (pre-networking)...
[   14.114871] cloud-init[679]: Cloud-init v. 19.4-33-gbb4131a2-0ubuntu1~18.04.1 running 'init-local' at Fri, 27 Mar 2020 21:57:49 +0000. Up 13.52 seconds.
[[0;32m  OK  [0m] Started Initial cloud-init job (pre-networking).
[[0;32m  OK  [0m] Reached target Network (Pre).
         Starting Network Service...
[[0;32m  OK  [0m] Started Network Service.
         Starting Network Name Resolution...
         Starting Wait for Network to be Configured...
[[0;32m  OK  [0m] Started Network Name Resolution.
[[0;32m  OK  [0m] Reached target Network.
[[0;32m  OK  [0m] Reached target Host and Network Name Lookups.
[[0;32m  OK  [0m] Started Wait for Network to be Configured.
         Starting Initial cloud-init job (metadata service crawler)...
[   16.309479] cloud-init[796]: Cloud-init v. 19.4-33-gbb4131a2-0ubuntu1~18.04.1 running 'init' at Fri, 27 Mar 2020 21:57:51 +0000. Up 16.16 seconds.
[   16.311375] cloud-init[796]: ci-info: ++++++++++++++++++++++++++++++++++++++Net device info+++++++++++++++++++++++++++++++++++++++
[   16.313016] cloud-init[796]: ci-info: +--------+-------+----------------------------+---------------+--------+-------------------+
[   16.314779] cloud-init[796]: ci-info: | Device |   Up  |          Address           |      Mask     | Scope  |     Hw-Address    |
[   16.316370] cloud-init[796]: ci-info: +--------+-------+----------------------------+---------------+--------+-------------------+
[   16.317843] cloud-init[796]: ci-info: | enp0s3 |  True |         10.0.2.15          | 255.255.255.0 | global | 02:12:4b:e9:82:8c |
[   16.319273] cloud-init[796]: ci-info: | enp0s3 |  True | fe80::12:4bff:fee9:828c/64 |       .       |  link  | 02:12:4b:e9:82:8c |
[   16.320981] cloud-init[796]: ci-info: | enp0s8 | False |             .              |       .       |   .    | 08:00:27:1f:b0:91 |
[   16.322523] cloud-init[796]: ci-info: |   lo   |  True |         127.0.0.1          |   255.0.0.0   |  host  |         .         |
[   16.332204] cloud-init[796]: ci-info: |   lo   |  True |          ::1/128           |       .       |  host  |         .         |
[   16.334020] cloud-init[796]: ci-info: +--------+-------+----------------------------+---------------+--------+-------------------+
[   16.335680] cloud-init[796]: ci-info: ++++++++++++++++++++++++++++Route IPv4 info+++++++++++++++++++++++++++++
[   16.337432] cloud-init[796]: ci-info: +-------+-------------+----------+-----------------+-----------+-------+
[   16.338833] cloud-init[796]: ci-info: | Route | Destination | Gateway  |     Genmask     | Interface | Flags |
[   16.340307] cloud-init[796]: ci-info: +-------+-------------+----------+-----------------+-----------+-------+
[   16.341779] cloud-init[796]: ci-info: |   0   |   0.0.0.0   | 10.0.2.2 |     0.0.0.0     |   enp0s3  |   UG  |
[   16.343246] cloud-init[796]: ci-info: |   1   |   10.0.2.0  | 0.0.0.0  |  255.255.255.0  |   enp0s3  |   U   |
[   16.344735] cloud-init[796]: ci-info: |   2   |   10.0.2.2  | 0.0.0.0  | 255.255.255.255 |   enp0s3  |   UH  |
[   16.346219] cloud-init[796]: ci-info: +-------+-------------+----------+-----------------+-----------+-------+
[   16.348025] cloud-init[796]: ci-info: +++++++++++++++++++Route IPv6 info+++++++++++++++++++
[   16.348929] cloud-init[796]: ci-info: +-------+-------------+---------+-----------+-------+
[   16.349965] cloud-init[796]: ci-info: | Route | Destination | Gateway | Interface | Flags |
[   16.351130] cloud-init[796]: ci-info: +-------+-------------+---------+-----------+-------+
[   16.352194] cloud-init[796]: ci-info: |   1   |  fe80::/64  |    ::   |   enp0s3  |   U   |
[   16.353404] cloud-init[796]: ci-info: |   3   |    local    |    ::   |   enp0s3  |   U   |
[   16.354519] cloud-init[796]: ci-info: |   4   |   ff00::/8  |    ::   |   enp0s3  |   U   |
[   16.356034] cloud-init[796]: ci-info: +-------+-------------+---------+-----------+-------+
[   18.030315] cloud-init[796]: Generating public/private rsa key pair.
[   18.031488] cloud-init[796]: Your identification has been saved in /etc/ssh/ssh_host_rsa_key.
[   18.032976] cloud-init[796]: Your public key has been saved in /etc/ssh/ssh_host_rsa_key.pub.
[   18.034311] cloud-init[796]: The key fingerprint is:
[   18.035143] cloud-init[796]: SHA256:5+gDf39TETFnoVKyaWk2l7S/Iki3njdV32p1jKAkpPQ root@ubuntu-bionic
[   18.036571] cloud-init[796]: The key's randomart image is:
[   18.037563] cloud-init[796]: +---[RSA 2048]----+
[   18.038343] cloud-init[796]: |           . o +=|
[   18.039152] cloud-init[796]: |      . .   B +oo|
[   18.039916] cloud-init[796]: |     . +   X =  .|
[   18.040774] cloud-init[796]: |      . E = = ...|
[   18.041416] cloud-init[796]: |        S+.o . +=|
[   18.042034] cloud-init[796]: |      . .++ . ..O|
[   18.042677] cloud-init[796]: |       o...o ..=.|
[   18.043261] cloud-init[796]: |       .o o oo*  |
[   18.043953] cloud-init[796]: |        .o +oo.. |
[   18.044610] cloud-init[796]: +----[SHA256]-----+
[   18.045294] cloud-init[796]: Generating public/private dsa key pair.
[   18.046206] cloud-init[796]: Your identification has been saved in /etc/ssh/ssh_host_dsa_key.
[   18.047466] cloud-init[796]: Your public key has been saved in /etc/ssh/ssh_host_dsa_key.pub.
[   18.048831] cloud-init[796]: The key fingerprint is:
[   18.049684] cloud-init[796]: SHA256:3yqvqb0YZmf+76dWa8hxhgxttET/RZR7wEIWPEJFZEg root@ubuntu-bionic
[   18.051058] cloud-init[796]: The key's randomart image is:
[   18.051884] cloud-init[796]: +---[DSA 1024]----+
[   18.052566] cloud-init[796]: |         oEOXo .+|
[   18.053305] cloud-init[796]: |          oo*.oo |
[   18.053965] cloud-init[796]: |           = +..o|
[   18.054666] cloud-init[796]: |          . +  oo|
[   18.055416] cloud-init[796]: |        S  + .  o|
[   18.056188] cloud-init[796]: |         . .+ +  |
[   18.057025] cloud-init[796]: |      + o ...* . |
[   18.057728] cloud-init[796]: |     o B.. .+ +  |
[   18.058435] cloud-init[796]: |      o.**++++   |
[   18.059141] cloud-init[796]: +----[SHA256]-----+
[   18.059844] cloud-init[796]: Generating public/private ecdsa key pair.
[   18.060856] cloud-init[796]: Your identification has been saved in /etc/ssh/ssh_host_ecdsa_key.
[   18.062135] cloud-init[796]: Your public key has been saved in /etc/ssh/ssh_host_ecdsa_key.pub.
[   18.063422] cloud-init[796]: The key fingerprint is:
[   18.064186] cloud-init[796]: SHA256:yLVH9lVM9i/EvsxHWdbx2x6aHjzrBoZ7rWeMh34s/8I root@ubuntu-bionic
[   18.065524] cloud-init[796]: The key's randomart image is:
[   18.066333] cloud-init[796]: +---[ECDSA 256]---+
[   18.066881] cloud-init[796]: |               ++|
[   18.067427] cloud-init[796]: |             . o*|
[   18.067975] cloud-init[796]: |        . o   + *|
[   18.068538] cloud-init[796]: |     . o + . + .*|
[   18.069127] cloud-init[796]: |      o S o . o++|
[   18.069665] cloud-init[796]: |         o o.oo=.|
[   18.070226] cloud-init[796]: |          o O*+ o|
[   18.070846] cloud-init[796]: |         . =.E+. |
[   18.071413] cloud-init[796]: |          oo@=o. |
[   18.071959] cloud-init[796]: +----[SHA256]-----+
[   18.072496] cloud-init[796]: Generating public/private ed25519 key pair.
[   18.073276] cloud-init[796]: Your identification has been saved in /etc/ssh/ssh_host_ed25519_key.
[   18.074355] cloud-init[796]: Your public key has been saved in /etc/ssh/ssh_host_ed25519_key.pub.
[   18.075433] cloud-init[796]: The key fingerprint is:
[   18.076082] cloud-init[796]: SHA256:Fu6qnewCsowO+nz8jfaNAn8BMQJFdtlaIHjYpwzQX2o root@ubuntu-bionic
[   18.077122] cloud-init[796]: The key's randomart image is:
[   18.077749] cloud-init[796]: +--[ED25519 256]--+
[   18.078294] cloud-init[796]: |.o.B= o+         |
[   18.078908] cloud-init[796]: |  =.+o* o        |
[   18.079602] cloud-init[796]: |   = * =.        |
[   18.080312] cloud-init[796]: |    E o. .       |
[   18.080973] cloud-init[796]: |   .   .S        |
[   18.081678] cloud-init[796]: |. . .  o.        |
[   18.082386] cloud-init[796]: |+o o o  ..       |
[   18.083100] cloud-init[796]: |=o  +o+=.o       |
[   18.083837] cloud-init[796]: |ooo..*O++ .      |
[   18.084613] cloud-init[796]: +----[SHA256]-----+
[[0;32m  OK  [0m] Started Initial cloud-init job (metadata service crawler).
[[0;32m  OK  [0m] Reached target System Initialization.
[[0;32m  OK  [0m] Listening on UUID daemon activation socket.
[[0;32m  OK  [0m] Started Daily Cleanup of Temporary Directories.
         Starting Socket activation for snappy daemon.
[[0;32m  OK  [0m] Listening on D-Bus System Message Bus Socket.
[[0;32m  OK  [0m] Started Daily apt download activities.
[[0;32m  OK  [0m] Started Daily apt upgrade and clean activities.
[[0;32m  OK  [0m] Started Message of the Day.
[[0;32m  OK  [0m] Started ACPI Events Check.
[[0;32m  OK  [0m] Reached target Paths.
         Starting LXD - unix socket.
[[0;32m  OK  [0m] Started Discard unused blocks once a week.
[[0;32m  OK  [0m] Reached target Timers.
[[0;32m  OK  [0m] Listening on Open-iSCSI iscsid Socket.
[[0;32m  OK  [0m] Listening on ACPID Listen Socket.
[[0;32m  OK  [0m] Reached target Cloud-config availability.
[[0;32m  OK  [0m] Reached target Network is Online.
[[0;32m  OK  [0m] Reached target Remote File Systems (Pre).
[[0;32m  OK  [0m] Reached target Remote File Systems.
         Starting Availability of block devices...
[[0;32m  OK  [0m] Listening on Socket activation for snappy daemon.
[[0;32m  OK  [0m] Listening on LXD - unix socket.
[[0;32m  OK  [0m] Reached target Sockets.
[[0;32m  OK  [0m] Reached target Basic System.
         Starting LXD - container startup/shutdown...
[[0;32m  OK  [0m] Started irqbalance daemon.
         Starting Virtualbox guest utils...
         Starting Permit User Sessions...
[[0;32m  OK  [0m] Started Regular background program processing daemon.
         Starting Pollinate to seed the pseudo random number generator...
         Starting Login Service...
         Starting System Logging Service...
         Starting LSB: automatic crash report generation...
         Starting LSB: Record successful boot for GRUB...
[[0;32m  OK  [0m] Started D-Bus System Message Bus.
[[0;32m  OK  [0m] Started FUSE filesystem for LXC.
         Starting Accounts Service...
[[0;32m  OK  [0m] Started Deferred execution scheduler.
         Starting Dispatcher daemon for systemd-networkd...
         Starting Snappy daemon...
[[0;32m  OK  [0m] Started System Logging Service.
[[0;32m  OK  [0m] Started Availability of block devices.
[[0;32m  OK  [0m] Started Permit User Sessions.
         Starting Hold until boot process finishes up...
         Starting Terminate Plymouth Boot Screen...
[[0;32m  OK  [0m] Started Hold until boot process finishes up.
         Starting Set console scheme...
[[0;32m  OK  [0m] Started Serial Getty on ttyS0.
[[0;32m  OK  [0m] Started Terminate Plymouth Boot Screen.
[[0;32m  OK  [0m] Started Login Service.
[[0;32m  OK  [0m] Started Unattended Upgrades Shutdown.
[[0;32m  OK  [0m] Started Set console scheme.
[[0;32m  OK  [0m] Created slice system-getty.slice.
[[0;32m  OK  [0m] Started Getty on tty1.
[[0;32m  OK  [0m] Reached target Login Prompts.
         Starting Authorization Manager...
[[0;32m  OK  [0m] Started LSB: automatic crash report generation.
[[0;32m  OK  [0m] Started LSB: Record successful boot for GRUB.
[[0;32m  OK  [0m] Started Authorization Manager.
[[0;32m  OK  [0m] Started Accounts Service.
[[0;32m  OK  [0m] Started Dispatcher daemon for systemd-networkd.
[[0;32m  OK  [0m] Started Virtualbox guest utils.
[[0;32m  OK  [0m] Started LXD - container startup/shutdown.
[[0;32m  OK  [0m] Started Snappy daemon.
         Starting Wait until snapd is fully seeded...

Ubuntu 18.04.4 LTS ubuntu-bionic ttyS0

ubuntu-bionic login: [   31.071978] cloud-init[1643]: Cloud-init v. 19.4-33-gbb4131a2-0ubuntu1~18.04.1 running 'modules:config' at Fri, 27 Mar 2020 21:58:06 +0000. Up 30.22 seconds.
ci-info: no authorized SSH keys fingerprints found for user ubuntu.
<14>Mar 27 21:58:07 ec2: 
<14>Mar 27 21:58:07 ec2: #############################################################
<14>Mar 27 21:58:07 ec2: -----BEGIN SSH HOST KEY FINGERPRINTS-----
<14>Mar 27 21:58:07 ec2: 1024 SHA256:3yqvqb0YZmf+76dWa8hxhgxttET/RZR7wEIWPEJFZEg root@ubuntu-bionic (DSA)
<14>Mar 27 21:58:07 ec2: 256 SHA256:yLVH9lVM9i/EvsxHWdbx2x6aHjzrBoZ7rWeMh34s/8I root@ubuntu-bionic (ECDSA)
<14>Mar 27 21:58:07 ec2: 256 SHA256:Fu6qnewCsowO+nz8jfaNAn8BMQJFdtlaIHjYpwzQX2o root@ubuntu-bionic (ED25519)
<14>Mar 27 21:58:07 ec2: 2048 SHA256:5+gDf39TETFnoVKyaWk2l7S/Iki3njdV32p1jKAkpPQ root@ubuntu-bionic (RSA)
<14>Mar 27 21:58:07 ec2: -----END SSH HOST KEY FINGERPRINTS-----
<14>Mar 27 21:58:07 ec2: #############################################################
-----BEGIN SSH HOST KEY KEYS-----
ecdsa-sha2-nistp256 AAAAE2VjZHNhLXNoYTItbmlzdHAyNTYAAAAIbmlzdHAyNTYAAABBBPTG4f1OaMAPrpOp6g/BY2bjX9ufMmnwzvfcaKdzprJEzsXA894NnSII1l8tJKV8DRduw+g01hkVAWhe8ULsZBA= root@ubuntu-bionic
ssh-ed25519 AAAAC3NzaC1lZDI1NTE5AAAAIK/L103UUI12PGG9Qt5MDtqgDCaqt5gsVwotQgw8CGpQ root@ubuntu-bionic
ssh-rsa AAAAB3NzaC1yc2EAAAADAQABAAABAQC1PzTCITvL6XX49qTIgIVjET6uUCl0VNe1SNOSpTh+U+pFr6aWXeK5DFFrRsJ4IxBd4QwyFXWNyqElcamMEMjIEBIDWy5r3Me64eRhyMbxaPbURd/l927B2L0gWHT0FczRv5vyc/9ieYjYsXcBfNDzD/7rxdBuEnhV45liCwLYB6bPUAT0xLqJIN5gFOHSi4U8GRbmbsamyNmmcbiNS9TNd4onIPTqmjwg7AEYKx2Jw6BKElirqOgzCg+TrgrPZYtucIAjG7wh9w6fqtOZFo0wkU7BZSEBn1NGeMbkCG35+XbhBLt+NRUQF4h1BlJOnEAP9MT52XdA6r8RPyjk3iDp root@ubuntu-bionic
-----END SSH HOST KEY KEYS-----
[   31.839101] cloud-init[1769]: Cloud-init v. 19.4-33-gbb4131a2-0ubuntu1~18.04.1 running 'modules:final' at Fri, 27 Mar 2020 21:58:07 +0000. Up 31.68 seconds.
[   31.839215] cloud-init[1769]: ci-info: no authorized SSH keys fingerprints found for user ubuntu.
[   31.839862] cloud-init[1769]: Cloud-init v. 19.4-33-gbb4131a2-0ubuntu1~18.04.1 finished at Fri, 27 Mar 2020 21:58:07 +0000. Datasource DataSourceNoCloud [seed=/dev/sdb][dsmode=net].  Up 31.83 seconds
